<?xml version="1.0" encoding="UTF-8"?>
<coverage generated="1775851092843" clover="3.2.0">
  <project timestamp="1775851092844" name="All files">
    <metrics statements="554" coveredstatements="302" conditionals="205" coveredconditionals="70" methods="118" coveredmethods="71" elements="877" coveredelements="443" complexity="0" loc="554" ncloc="554" packages="2" files="5" classes="5"/>
    <package name="src">
      <metrics statements="542" coveredstatements="290" conditionals="204" coveredconditionals="70" methods="115" coveredmethods="68"/>
      <file name="calculators.ts" path="/sessions/determined-jolly-davinci/mnt/jedevienspatron-github/packages/game-engine/src/calculators.ts">
        <metrics statements="179" coveredstatements="83" conditionals="71" coveredconditionals="8" methods="42" coveredmethods="26"/>
        <line num="6" count="1" type="stmt"/>
        <line num="19" count="1" type="stmt"/>
        <line num="20" count="55" type="stmt"/>
        <line num="21" count="11" type="stmt"/>
        <line num="22" count="11" type="stmt"/>
        <line num="26" count="1" type="stmt"/>
        <line num="27" count="9" type="stmt"/>
        <line num="28" count="45" type="stmt"/>
        <line num="29" count="27" type="stmt"/>
        <line num="32" count="1" type="stmt"/>
        <line num="33" count="8" type="stmt"/>
        <line num="34" count="40" type="stmt"/>
        <line num="35" count="8" type="stmt"/>
        <line num="38" count="1" type="stmt"/>
        <line num="39" count="80" type="stmt"/>
        <line num="40" count="16" type="cond" truecount="1" falsecount="1"/>
        <line num="43" count="1" type="stmt"/>
        <line num="44" count="0" type="stmt"/>
        <line num="45" count="0" type="stmt"/>
        <line num="46" count="0" type="cond" truecount="0" falsecount="2"/>
        <line num="47" count="0" type="stmt"/>
        <line num="48" count="0" type="stmt"/>
        <line num="53" count="1" type="stmt"/>
        <line num="54" count="23" type="stmt"/>
        <line num="65" count="1" type="stmt"/>
        <line num="66" count="23" type="stmt"/>
        <line num="74" count="1" type="stmt"/>
        <line num="75" count="23" type="stmt"/>
        <line num="87" count="1" type="stmt"/>
        <line num="93" count="7" type="stmt"/>
        <line num="94" count="21" type="stmt"/>
        <line num="96" count="7" type="stmt"/>
        <line num="97" count="7" type="stmt"/>
        <line num="107" count="1" type="stmt"/>
        <line num="108" count="4" type="stmt"/>
        <line num="109" count="4" type="stmt"/>
        <line num="110" count="4" type="stmt"/>
        <line num="111" count="4" type="stmt"/>
        <line num="112" count="4" type="stmt"/>
        <line num="113" count="4" type="stmt"/>
        <line num="114" count="12" type="stmt"/>
        <line num="115" count="4" type="stmt"/>
        <line num="116" count="4" type="stmt"/>
        <line num="117" count="12" type="stmt"/>
        <line num="118" count="4" type="stmt"/>
        <line num="119" count="4" type="cond" truecount="1" falsecount="1"/>
        <line num="120" count="4" type="stmt"/>
        <line num="122" count="4" type="stmt"/>
        <line num="123" count="4" type="stmt"/>
        <line num="126" count="4" type="stmt"/>
        <line num="127" count="4" type="stmt"/>
        <line num="130" count="4" type="stmt"/>
        <line num="133" count="4" type="stmt"/>
        <line num="136" count="4" type="stmt"/>
        <line num="139" count="4" type="stmt"/>
        <line num="140" count="4" type="stmt"/>
        <line num="141" count="4" type="stmt"/>
        <line num="145" count="4" type="cond" truecount="1" falsecount="1"/>
        <line num="149" count="4" type="stmt"/>
        <line num="151" count="4" type="stmt"/>
        <line num="174" count="1" type="stmt"/>
        <line num="175" count="0" type="stmt"/>
        <line num="176" count="0" type="stmt"/>
        <line num="177" count="0" type="stmt"/>
        <line num="178" count="0" type="stmt"/>
        <line num="179" count="0" type="stmt"/>
        <line num="180" count="0" type="stmt"/>
        <line num="181" count="0" type="stmt"/>
        <line num="182" count="0" type="stmt"/>
        <line num="183" count="0" type="stmt"/>
        <line num="184" count="0" type="stmt"/>
        <line num="185" count="0" type="stmt"/>
        <line num="189" count="1" type="cond" truecount="0" falsecount="1"/>
        <line num="190" count="0" type="cond" truecount="0" falsecount="2"/>
        <line num="191" count="0" type="stmt"/>
        <line num="196" count="1" type="stmt"/>
        <line num="201" count="0" type="stmt"/>
        <line num="202" count="0" type="stmt"/>
        <line num="203" count="0" type="stmt"/>
        <line num="207" count="0" type="cond" truecount="0" falsecount="1"/>
        <line num="208" count="0" type="stmt"/>
        <line num="209" count="0" type="stmt"/>
        <line num="212" count="0" type="stmt"/>
        <line num="213" count="0" type="cond" truecount="0" falsecount="2"/>
        <line num="214" count="0" type="cond" truecount="0" falsecount="2"/>
        <line num="215" count="0" type="cond" truecount="0" falsecount="2"/>
        <line num="216" count="0" type="stmt"/>
        <line num="218" count="0" type="cond" truecount="0" falsecount="2"/>
        <line num="219" count="0" type="cond" truecount="0" falsecount="2"/>
        <line num="220" count="0" type="stmt"/>
        <line num="222" count="0" type="stmt"/>
        <line num="223" count="0" type="cond" truecount="0" falsecount="2"/>
        <line num="224" count="0" type="cond" truecount="0" falsecount="2"/>
        <line num="225" count="0" type="cond" truecount="0" falsecount="2"/>
        <line num="226" count="0" type="stmt"/>
        <line num="228" count="0" type="stmt"/>
        <line num="229" count="0" type="stmt"/>
        <line num="230" count="0" type="stmt"/>
        <line num="231" count="0" type="cond" truecount="0" falsecount="2"/>
        <line num="232" count="0" type="cond" truecount="0" falsecount="2"/>
        <line num="233" count="0" type="cond" truecount="0" falsecount="2"/>
        <line num="234" count="0" type="cond" truecount="0" falsecount="2"/>
        <line num="235" count="0" type="stmt"/>
        <line num="237" count="0" type="cond" truecount="0" falsecount="2"/>
        <line num="238" count="0" type="cond" truecount="0" falsecount="2"/>
        <line num="239" count="0" type="cond" truecount="0" falsecount="2"/>
        <line num="240" count="0" type="stmt"/>
        <line num="242" count="0" type="stmt"/>
        <line num="243" count="0" type="cond" truecount="0" falsecount="2"/>
        <line num="246" count="0" type="cond" truecount="0" falsecount="2"/>
        <line num="247" count="0" type="stmt"/>
        <line num="248" count="0" type="cond" truecount="0" falsecount="2"/>
        <line num="249" count="0" type="stmt"/>
        <line num="251" count="0" type="stmt"/>
        <line num="254" count="0" type="cond" truecount="0" falsecount="2"/>
        <line num="258" count="1" type="stmt"/>
        <line num="259" count="0" type="stmt"/>
        <line num="260" count="0" type="stmt"/>
        <line num="261" count="0" type="stmt"/>
        <line num="262" count="0" type="stmt"/>
        <line num="263" count="0" type="stmt"/>
        <line num="264" count="0" type="cond" truecount="0" falsecount="1"/>
        <line num="265" count="0" type="stmt"/>
        <line num="267" count="0" type="stmt"/>
        <line num="299" count="1" type="stmt"/>
        <line num="300" count="0" type="stmt"/>
        <line num="301" count="0" type="stmt"/>
        <line num="302" count="0" type="stmt"/>
        <line num="303" count="0" type="stmt"/>
        <line num="306" count="0" type="stmt"/>
        <line num="309" count="0" type="stmt"/>
        <line num="310" count="0" type="stmt"/>
        <line num="311" count="0" type="stmt"/>
        <line num="314" count="0" type="stmt"/>
        <line num="315" count="0" type="stmt"/>
        <line num="318" count="0" type="stmt"/>
        <line num="319" count="0" type="stmt"/>
        <line num="320" count="0" type="stmt"/>
        <line num="323" count="0" type="stmt"/>
        <line num="324" count="0" type="stmt"/>
        <line num="325" count="0" type="stmt"/>
        <line num="328" count="0" type="stmt"/>
        <line num="331" count="0" type="stmt"/>
        <line num="332" count="0" type="stmt"/>
        <line num="333" count="0" type="stmt"/>
        <line num="334" count="0" type="stmt"/>
        <line num="336" count="0" type="stmt"/>
        <line num="337" count="0" type="stmt"/>
        <line num="340" count="0" type="cond" truecount="0" falsecount="2"/>
        <line num="341" count="0" type="cond" truecount="0" falsecount="2"/>
        <line num="342" count="0" type="cond" truecount="0" falsecount="2"/>
        <line num="343" count="0" type="cond" truecount="0" falsecount="2"/>
        <line num="346" count="0" type="cond" truecount="0" falsecount="2"/>
        <line num="348" count="0" type="stmt"/>
        <line num="377" count="1" type="stmt"/>
        <line num="378" count="3" type="stmt"/>
        <line num="379" count="3" type="stmt"/>
        <line num="380" count="3" type="stmt"/>
        <line num="381" count="3" type="stmt"/>
        <line num="382" count="3" type="stmt"/>
        <line num="384" count="3" type="stmt"/>
        <line num="399" count="1" type="stmt"/>
        <line num="400" count="3" type="stmt"/>
        <line num="401" count="3" type="stmt"/>
        <line num="402" count="9" type="stmt"/>
        <line num="403" count="3" type="stmt"/>
        <line num="404" count="3" type="stmt"/>
        <line num="405" count="9" type="stmt"/>
        <line num="406" count="3" type="stmt"/>
        <line num="407" count="3" type="stmt"/>
        <line num="408" count="3" type="stmt"/>
        <line num="409" count="3" type="cond" truecount="1" falsecount="1"/>
        <line num="411" count="3" type="cond" truecount="0" falsecount="1"/>
        <line num="412" count="0" type="stmt"/>
        <line num="414" count="3" type="cond" truecount="1" falsecount="0"/>
        <line num="415" count="1" type="stmt"/>
        <line num="417" count="2" type="cond" truecount="2" falsecount="1"/>
        <line num="418" count="0" type="stmt"/>
        <line num="424" count="2" type="stmt"/>
      </file>
      <file name="engine.ts" path="/sessions/determined-jolly-davinci/mnt/jedevienspatron-github/packages/game-engine/src/engine.ts">
        <metrics statements="347" coveredstatements="191" conditionals="133" coveredconditionals="62" methods="73" coveredmethods="42"/>
        <line num="7" count="1" type="stmt"/>
        <line num="31" count="1" type="stmt"/>
        <line num="32" count="1" type="stmt"/>
        <line num="33" count="1" type="stmt"/>
        <line num="44" count="1" type="stmt"/>
        <line num="48" count="1" type="stmt"/>
        <line num="60" count="32" type="stmt"/>
        <line num="61" count="32" type="stmt"/>
        <line num="62" count="736" type="stmt"/>
        <line num="63" count="736" type="stmt"/>
        <line num="65" count="32" type="stmt"/>
        <line num="69" count="35" type="stmt"/>
        <line num="82" count="35" type="stmt"/>
        <line num="106" count="9" type="stmt"/>
        <line num="107" count="41" type="stmt"/>
        <line num="108" count="41" type="stmt"/>
        <line num="124" count="49" type="stmt"/>
        <line num="125" count="49" type="stmt"/>
        <line num="126" count="49" type="stmt"/>
        <line num="127" count="49" type="stmt"/>
        <line num="128" count="49" type="stmt"/>
        <line num="131" count="49" type="cond" truecount="1" falsecount="0"/>
        <line num="132" count="13" type="stmt"/>
        <line num="133" count="13" type="stmt"/>
        <line num="134" count="13" type="stmt"/>
        <line num="138" count="36" type="cond" truecount="1" falsecount="0"/>
        <line num="139" count="4" type="stmt"/>
        <line num="140" count="4" type="stmt"/>
        <line num="141" count="4" type="stmt"/>
        <line num="145" count="32" type="cond" truecount="3" falsecount="0"/>
        <line num="146" count="5" type="stmt"/>
        <line num="147" count="5" type="stmt"/>
        <line num="148" count="5" type="stmt"/>
        <line num="154" count="27" type="cond" truecount="1" falsecount="0"/>
        <line num="155" count="4" type="cond" truecount="1" falsecount="1"/>
        <line num="156" count="12" type="stmt"/>
        <line num="159" count="4" type="cond" truecount="0" falsecount="1"/>
        <line num="160" count="4" type="cond" truecount="1" falsecount="0"/>
        <line num="161" count="4" type="stmt"/>
        <line num="162" count="4" type="stmt"/>
        <line num="163" count="4" type="stmt"/>
        <line num="167" count="111" type="stmt"/>
        <line num="168" count="23" type="cond" truecount="1" falsecount="0"/>
        <line num="169" count="20" type="stmt"/>
        <line num="170" count="20" type="cond" truecount="2" falsecount="0"/>
        <line num="171" count="20" type="stmt"/>
        <line num="175" count="6" type="stmt"/>
        <line num="176" count="3" type="cond" truecount="1" falsecount="0"/>
        <line num="177" count="3" type="stmt"/>
        <line num="178" count="3" type="stmt"/>
        <line num="179" count="3" type="stmt"/>
        <line num="183" count="0" type="stmt"/>
        <line num="188" count="1" type="stmt"/>
        <line num="193" count="47" type="stmt"/>
        <line num="194" count="35" type="cond" truecount="0" falsecount="1"/>
        <line num="196" count="35" type="stmt"/>
        <line num="199" count="175" type="stmt"/>
        <line num="210" count="105" type="stmt"/>
        <line num="220" count="35" type="stmt"/>
        <line num="230" count="175" type="stmt"/>
        <line num="231" count="105" type="stmt"/>
        <line num="238" count="35" type="stmt"/>
        <line num="239" count="35" type="cond" truecount="1" falsecount="1"/>
        <line num="240" count="35" type="cond" truecount="1" falsecount="1"/>
        <line num="246" count="35" type="stmt"/>
        <line num="247" count="35" type="cond" truecount="1" falsecount="1"/>
        <line num="256" count="1" type="stmt"/>
        <line num="260" count="16" type="stmt"/>
        <line num="261" count="17" type="stmt"/>
        <line num="264" count="16" type="stmt"/>
        <line num="273" count="608" type="stmt"/>
        <line num="285" count="1" type="stmt"/>
        <line num="289" count="3" type="stmt"/>
        <line num="290" count="3" type="stmt"/>
        <line num="291" count="3" type="stmt"/>
        <line num="296" count="3" type="cond" truecount="0" falsecount="1"/>
        <line num="297" count="0" type="stmt"/>
        <line num="298" count="0" type="stmt"/>
        <line num="303" count="0" type="stmt"/>
        <line num="312" count="6" type="stmt"/>
        <line num="313" count="3" type="cond" truecount="4" falsecount="0"/>
        <line num="314" count="3" type="stmt"/>
        <line num="315" count="3" type="stmt"/>
        <line num="320" count="3" type="stmt"/>
        <line num="328" count="3" type="cond" truecount="0" falsecount="1"/>
        <line num="329" count="0" type="stmt"/>
        <line num="330" count="0" type="stmt"/>
        <line num="331" count="0" type="stmt"/>
        <line num="332" count="0" type="cond" truecount="0" falsecount="2"/>
        <line num="333" count="0" type="stmt"/>
        <line num="338" count="0" type="stmt"/>
        <line num="345" count="0" type="stmt"/>
        <line num="356" count="3" type="cond" truecount="0" falsecount="1"/>
        <line num="357" count="0" type="stmt"/>
        <line num="358" count="0" type="stmt"/>
        <line num="362" count="3" type="cond" truecount="0" falsecount="1"/>
        <line num="363" count="0" type="stmt"/>
        <line num="364" count="0" type="stmt"/>
        <line num="365" count="0" type="stmt"/>
        <line num="369" count="3" type="cond" truecount="0" falsecount="1"/>
        <line num="370" count="0" type="stmt"/>
        <line num="371" count="0" type="stmt"/>
        <line num="375" count="6" type="stmt"/>
        <line num="376" count="3" type="cond" truecount="3" falsecount="0"/>
        <line num="377" count="3" type="stmt"/>
        <line num="378" count="3" type="stmt"/>
        <line num="382" count="3" type="stmt"/>
        <line num="387" count="3" type="stmt"/>
        <line num="398" count="3" type="stmt"/>
        <line num="399" count="15" type="cond" truecount="2" falsecount="0"/>
        <line num="401" count="3" type="cond" truecount="1" falsecount="0"/>
        <line num="402" count="6" type="stmt"/>
        <line num="405" count="3" type="stmt"/>
        <line num="406" count="6" type="stmt"/>
        <line num="409" count="6" type="stmt"/>
        <line num="410" count="3" type="stmt"/>
        <line num="413" count="3" type="stmt"/>
        <line num="422" count="3" type="stmt"/>
        <line num="430" count="3" type="stmt"/>
        <line num="431" count="3" type="cond" truecount="0" falsecount="1"/>
        <line num="432" count="0" type="stmt"/>
        <line num="433" count="0" type="stmt"/>
        <line num="434" count="0" type="stmt"/>
        <line num="442" count="3" type="cond" truecount="0" falsecount="1"/>
        <line num="443" count="0" type="stmt"/>
        <line num="444" count="0" type="stmt"/>
        <line num="453" count="3" type="stmt"/>
        <line num="458" count="1" type="stmt"/>
        <line num="464" count="0" type="stmt"/>
        <line num="465" count="0" type="stmt"/>
        <line num="467" count="0" type="cond" truecount="0" falsecount="1"/>
        <line num="468" count="0" type="stmt"/>
        <line num="471" count="0" type="stmt"/>
        <line num="474" count="0" type="stmt"/>
        <line num="477" count="0" type="cond" truecount="0" falsecount="2"/>
        <line num="478" count="0" type="stmt"/>
        <line num="480" count="0" type="stmt"/>
        <line num="483" count="0" type="stmt"/>
        <line num="488" count="1" type="stmt"/>
        <line num="492" count="2" type="stmt"/>
        <line num="493" count="2" type="stmt"/>
        <line num="494" count="2" type="stmt"/>
        <line num="497" count="2" type="stmt"/>
        <line num="499" count="2" type="cond" truecount="1" falsecount="1"/>
        <line num="500" count="0" type="cond" truecount="0" falsecount="1"/>
        <line num="501" count="0" type="stmt"/>
        <line num="502" count="0" type="stmt"/>
        <line num="504" count="0" type="cond" truecount="0" falsecount="1"/>
        <line num="505" count="0" type="stmt"/>
        <line num="506" count="0" type="stmt"/>
        <line num="510" count="2" type="cond" truecount="1" falsecount="0"/>
        <line num="511" count="1" type="stmt"/>
        <line num="512" count="1" type="stmt"/>
        <line num="515" count="2" type="cond" truecount="1" falsecount="0"/>
        <line num="516" count="1" type="stmt"/>
        <line num="517" count="1" type="stmt"/>
        <line num="522" count="2" type="cond" truecount="3" falsecount="0"/>
        <line num="523" count="1" type="stmt"/>
        <line num="532" count="2" type="stmt"/>
        <line num="537" count="1" type="stmt"/>
        <line num="538" count="1" type="stmt"/>
        <line num="539" count="1" type="stmt"/>
        <line num="541" count="1" type="stmt"/>
        <line num="542" count="0" type="stmt"/>
        <line num="543" count="0" type="stmt"/>
        <line num="544" count="1" type="stmt"/>
        <line num="548" count="1" type="stmt"/>
        <line num="552" count="0" type="stmt"/>
        <line num="553" count="0" type="stmt"/>
        <line num="554" count="0" type="stmt"/>
        <line num="556" count="0" type="cond" truecount="0" falsecount="1"/>
        <line num="557" count="0" type="stmt"/>
        <line num="559" count="0" type="stmt"/>
        <line num="560" count="0" type="stmt"/>
        <line num="562" count="0" type="stmt"/>
        <line num="575" count="1" type="stmt"/>
        <line num="580" count="4" type="stmt"/>
        <line num="581" count="4" type="stmt"/>
        <line num="582" count="4" type="stmt"/>
        <line num="584" count="4" type="stmt"/>
        <line num="585" count="4" type="cond" truecount="0" falsecount="1"/>
        <line num="586" count="0" type="stmt"/>
        <line num="594" count="4" type="stmt"/>
        <line num="597" count="4" type="stmt"/>
        <line num="600" count="4" type="stmt"/>
        <line num="603" count="4" type="stmt"/>
        <line num="607" count="4" type="cond" truecount="1" falsecount="1"/>
        <line num="611" count="4" type="cond" truecount="2" falsecount="0"/>
        <line num="612" count="2" type="cond" truecount="2" falsecount="2"/>
        <line num="615" count="2" type="stmt"/>
        <line num="616" count="2" type="cond" truecount="2" falsecount="0"/>
        <line num="617" count="1" type="cond" truecount="2" falsecount="2"/>
        <line num="620" count="1" type="stmt"/>
        <line num="622" count="1" type="stmt"/>
        <line num="625" count="4" type="stmt"/>
        <line num="630" count="1" type="stmt"/>
        <line num="634" count="0" type="stmt"/>
        <line num="635" count="0" type="stmt"/>
        <line num="637" count="0" type="stmt"/>
        <line num="638" count="0" type="cond" truecount="0" falsecount="1"/>
        <line num="640" count="0" type="stmt"/>
        <line num="641" count="0" type="stmt"/>
        <line num="646" count="0" type="stmt"/>
        <line num="656" count="0" type="stmt"/>
        <line num="671" count="1" type="stmt"/>
        <line num="675" count="0" type="stmt"/>
        <line num="676" count="0" type="stmt"/>
        <line num="679" count="0" type="stmt"/>
        <line num="680" count="0" type="cond" truecount="0" falsecount="1"/>
        <line num="681" count="0" type="stmt"/>
        <line num="682" count="0" type="stmt"/>
        <line num="687" count="0" type="stmt"/>
        <line num="700" count="0" type="stmt"/>
        <line num="709" count="1" type="stmt"/>
        <line num="710" count="0" type="cond" truecount="0" falsecount="1"/>
        <line num="711" count="0" type="stmt"/>
        <line num="712" count="0" type="cond" truecount="0" falsecount="2"/>
        <line num="714" count="0" type="stmt"/>
        <line num="725" count="1" type="stmt"/>
        <line num="726" count="0" type="stmt"/>
        <line num="736" count="1" type="cond" truecount="0" falsecount="1"/>
        <line num="738" count="0" type="cond" truecount="0" falsecount="1"/>
        <line num="739" count="0" type="stmt"/>
        <line num="740" count="0" type="stmt"/>
        <line num="743" count="0" type="stmt"/>
        <line num="746" count="1" type="stmt"/>
        <line num="751" count="0" type="stmt"/>
        <line num="752" count="0" type="stmt"/>
        <line num="756" count="0" type="cond" truecount="0" falsecount="3"/>
        <line num="757" count="0" type="stmt"/>
        <line num="765" count="0" type="cond" truecount="0" falsecount="1"/>
        <line num="766" count="0" type="stmt"/>
        <line num="770" count="0" type="stmt"/>
        <line num="771" count="0" type="stmt"/>
        <line num="776" count="0" type="stmt"/>
        <line num="786" count="0" type="stmt"/>
        <line num="789" count="0" type="cond" truecount="0" falsecount="1"/>
        <line num="790" count="0" type="stmt"/>
        <line num="791" count="0" type="cond" truecount="0" falsecount="1"/>
        <line num="795" count="0" type="cond" truecount="0" falsecount="1"/>
        <line num="796" count="0" type="stmt"/>
        <line num="797" count="0" type="cond" truecount="0" falsecount="3"/>
        <line num="798" count="0" type="stmt"/>
        <line num="801" count="0" type="stmt"/>
        <line num="806" count="0" type="stmt"/>
        <line num="809" count="0" type="stmt"/>
        <line num="816" count="0" type="stmt"/>
        <line num="820" count="0" type="cond" truecount="0" falsecount="1"/>
        <line num="821" count="0" type="stmt"/>
        <line num="824" count="0" type="stmt"/>
        <line num="833" count="1" type="stmt"/>
        <line num="838" count="6" type="stmt"/>
        <line num="839" count="9" type="stmt"/>
        <line num="841" count="6" type="cond" truecount="1" falsecount="0"/>
        <line num="842" count="1" type="stmt"/>
        <line num="849" count="5" type="stmt"/>
        <line num="852" count="5" type="cond" truecount="3" falsecount="0"/>
        <line num="853" count="1" type="stmt"/>
        <line num="854" count="1" type="cond" truecount="1" falsecount="1"/>
        <line num="855" count="1" type="stmt"/>
        <line num="862" count="4" type="stmt"/>
        <line num="865" count="4" type="stmt"/>
        <line num="866" count="8" type="stmt"/>
        <line num="871" count="8" type="stmt"/>
        <line num="881" count="11" type="stmt"/>
        <line num="882" count="4" type="stmt"/>
        <line num="884" count="4" type="stmt"/>
        <line num="889" count="1" type="stmt"/>
        <line num="894" count="0" type="stmt"/>
        <line num="895" count="0" type="stmt"/>
        <line num="898" count="0" type="stmt"/>
        <line num="899" count="0" type="stmt"/>
        <line num="901" count="0" type="cond" truecount="0" falsecount="4"/>
        <line num="902" count="0" type="stmt"/>
        <line num="909" count="0" type="stmt"/>
        <line num="910" count="0" type="stmt"/>
        <line num="913" count="0" type="stmt"/>
        <line num="914" count="0" type="stmt"/>
        <line num="917" count="0" type="stmt"/>
        <line num="924" count="0" type="stmt"/>
        <line num="925" count="0" type="stmt"/>
        <line num="939" count="1" type="stmt"/>
        <line num="943" count="0" type="stmt"/>
        <line num="944" count="0" type="stmt"/>
        <line num="945" count="0" type="stmt"/>
        <line num="946" count="0" type="stmt"/>
        <line num="953" count="0" type="cond" truecount="0" falsecount="1"/>
        <line num="954" count="0" type="stmt"/>
        <line num="955" count="0" type="stmt"/>
        <line num="956" count="0" type="stmt"/>
        <line num="959" count="0" type="cond" truecount="0" falsecount="1"/>
        <line num="960" count="0" type="stmt"/>
        <line num="963" count="0" type="stmt"/>
        <line num="982" count="1" type="stmt"/>
        <line num="983" count="0" type="stmt"/>
        <line num="984" count="0" type="cond" truecount="0" falsecount="1"/>
        <line num="988" count="0" type="stmt"/>
        <line num="989" count="0" type="stmt"/>
        <line num="991" count="0" type="stmt"/>
        <line num="992" count="0" type="cond" truecount="0" falsecount="1"/>
        <line num="995" count="0" type="stmt"/>
        <line num="999" count="0" type="stmt"/>
        <line num="1000" count="0" type="cond" truecount="0" falsecount="2"/>
        <line num="1004" count="0" type="stmt"/>
        <line num="1005" count="0" type="stmt"/>
        <line num="1008" count="0" type="stmt"/>
        <line num="1009" count="0" type="stmt"/>
        <line num="1010" count="0" type="stmt"/>
        <line num="1015" count="1" type="stmt"/>
        <line num="1016" count="0" type="stmt"/>
        <line num="1017" count="0" type="cond" truecount="0" falsecount="2"/>
        <line num="1018" count="0" type="stmt"/>
        <line num="1021" count="0" type="stmt"/>
        <line num="1022" count="0" type="cond" truecount="0" falsecount="1"/>
        <line num="1024" count="0" type="stmt"/>
        <line num="1025" count="0" type="stmt"/>
        <line num="1027" count="0" type="stmt"/>
        <line num="1042" count="1" type="stmt"/>
        <line num="1047" count="0" type="stmt"/>
        <line num="1048" count="0" type="stmt"/>
        <line num="1049" count="0" type="stmt"/>
        <line num="1051" count="0" type="cond" truecount="0" falsecount="1"/>
        <line num="1052" count="0" type="stmt"/>
        <line num="1055" count="0" type="stmt"/>
        <line num="1057" count="0" type="cond" truecount="0" falsecount="2"/>
        <line num="1058" count="0" type="stmt"/>
        <line num="1059" count="0" type="stmt"/>
        <line num="1061" count="0" type="stmt"/>
        <line num="1073" count="1" type="stmt"/>
        <line num="1074" count="4" type="stmt"/>
        <line num="1075" count="4" type="stmt"/>
        <line num="1077" count="4" type="stmt"/>
        <line num="1079" count="8" type="stmt"/>
        <line num="1080" count="8" type="cond" truecount="2" falsecount="2"/>
        <line num="1081" count="0" type="stmt"/>
        <line num="1083" count="8" type="cond" truecount="2" falsecount="0"/>
        <line num="1084" count="8" type="stmt"/>
        <line num="1088" count="4" type="stmt"/>
        <line num="1093" count="1" type="stmt"/>
        <line num="1094" count="1" type="stmt"/>
        <line num="1095" count="1" type="stmt"/>
        <line num="1096" count="1" type="cond" truecount="0" falsecount="1"/>
        <line num="1097" count="1" type="stmt"/>
        <line num="1098" count="1" type="stmt"/>
        <line num="1100" count="1" type="cond" truecount="1" falsecount="0"/>
        <line num="1101" count="1" type="stmt"/>
        <line num="1104" count="1" type="stmt"/>
      </file>
      <file name="types.ts" path="/sessions/determined-jolly-davinci/mnt/jedevienspatron-github/packages/game-engine/src/types.ts">
        <metrics statements="16" coveredstatements="16" conditionals="0" coveredconditionals="0" methods="0" coveredmethods="0"/>
        <line num="310" count="1" type="stmt"/>
        <line num="311" count="1" type="stmt"/>
        <line num="313" count="1" type="stmt"/>
        <line num="315" count="1" type="stmt"/>
        <line num="317" count="1" type="stmt"/>
        <line num="319" count="1" type="stmt"/>
        <line num="320" count="1" type="stmt"/>
        <line num="322" count="1" type="stmt"/>
        <line num="323" count="1" type="stmt"/>
        <line num="324" count="1" type="stmt"/>
        <line num="329" count="1" type="stmt"/>
        <line num="332" count="1" type="stmt"/>
        <line num="399" count="1" type="stmt"/>
        <line num="415" count="1" type="stmt"/>
        <line num="417" count="1" type="stmt"/>
        <line num="419" count="1" type="stmt"/>
      </file>
    </package>
    <package name="src.data">
      <metrics statements="12" coveredstatements="12" conditionals="1" coveredconditionals="0" methods="3" coveredmethods="3"/>
      <file name="cartes.ts" path="/sessions/determined-jolly-davinci/mnt/jedevienspatron-github/packages/game-engine/src/data/cartes.ts">
        <metrics statements="5" coveredstatements="5" conditionals="0" coveredconditionals="0" methods="0" coveredmethods="0"/>
        <line num="10" count="1" type="stmt"/>
        <line num="43" count="1" type="stmt"/>
        <line num="72" count="1" type="stmt"/>
        <line num="694" count="1" type="stmt"/>
        <line num="864" count="1" type="stmt"/>
      </file>
      <file name="entreprises.ts" path="/sessions/determined-jolly-davinci/mnt/jedevienspatron-github/packages/game-engine/src/data/entreprises.ts">
        <metrics statements="7" coveredstatements="7" conditionals="1" coveredconditionals="0" methods="3" coveredmethods="3"/>
        <line num="40" count="1" type="stmt"/>
        <line num="43" count="78" type="stmt"/>
        <line num="44" count="12" type="cond" truecount="0" falsecount="1"/>
        <line num="45" count="12" type="stmt"/>
        <line num="48" count="1" type="stmt"/>
        <line num="202" count="1" type="stmt"/>
        <line num="203" count="4" type="stmt"/>
      </file>
    </package>
  </project>
</coverage>
