{"/sessions/determined-jolly-davinci/mnt/jedevienspatron-github/packages/game-engine/src/calculators.ts": {"path":"/sessions/determined-jolly-davinci/mnt/jedevienspatron-github/packages/game-engine/src/calculators.ts","statementMap":{"0":{"start":{"line":19,"column":0},"end":{"line":19,"column":16}},"1":{"start":{"line":26,"column":0},"end":{"line":26,"column":16}},"2":{"start":{"line":32,"column":0},"end":{"line":32,"column":16}},"3":{"start":{"line":38,"column":0},"end":{"line":38,"column":16}},"4":{"start":{"line":43,"column":0},"end":{"line":43,"column":16}},"5":{"start":{"line":53,"column":0},"end":{"line":53,"column":16}},"6":{"start":{"line":65,"column":0},"end":{"line":65,"column":16}},"7":{"start":{"line":74,"column":0},"end":{"line":74,"column":16}},"8":{"start":{"line":87,"column":0},"end":{"line":87,"column":16}},"9":{"start":{"line":107,"column":0},"end":{"line":107,"column":16}},"10":{"start":{"line":174,"column":0},"end":{"line":174,"column":16}},"11":{"start":{"line":189,"column":0},"end":{"line":189,"column":16}},"12":{"start":{"line":196,"column":0},"end":{"line":196,"column":16}},"13":{"start":{"line":258,"column":0},"end":{"line":258,"column":16}},"14":{"start":{"line":299,"column":0},"end":{"line":299,"column":16}},"15":{"start":{"line":377,"column":0},"end":{"line":377,"column":16}},"16":{"start":{"line":399,"column":0},"end":{"line":399,"column":16}},"17":{"start":{"line":6,"column":0},"end":{"line":6,"column":null}},"18":{"start":{"line":20,"column":17},"end":{"line":20,"column":70}},"19":{"start":{"line":20,"column":54},"end":{"line":20,"column":66}},"20":{"start":{"line":21,"column":19},"end":{"line":21,"column":74}},"21":{"start":{"line":22,"column":2},"end":{"line":22,"column":27}},"22":{"start":{"line":27,"column":2},"end":{"line":29,"column":39}},"23":{"start":{"line":28,"column":19},"end":{"line":28,"column":52}},"24":{"start":{"line":29,"column":22},"end":{"line":29,"column":34}},"25":{"start":{"line":33,"column":2},"end":{"line":35,"column":39}},"26":{"start":{"line":34,"column":19},"end":{"line":34,"column":43}},"27":{"start":{"line":35,"column":22},"end":{"line":35,"column":34}},"28":{"start":{"line":39,"column":12},"end":{"line":39,"column":73}},"29":{"start":{"line":39,"column":44},"end":{"line":39,"column":72}},"30":{"start":{"line":40,"column":2},"end":{"line":40,"column":26}},"31":{"start":{"line":44,"column":23},"end":{"line":44,"column":77}},"32":{"start":{"line":44,"column":61},"end":{"line":44,"column":73}},"33":{"start":{"line":45,"column":20},"end":{"line":45,"column":42}},"34":{"start":{"line":46,"column":17},"end":{"line":46,"column":97}},"35":{"start":{"line":47,"column":19},"end":{"line":47,"column":41}},"36":{"start":{"line":48,"column":2},"end":{"line":48,"column":54}},"37":{"start":{"line":54,"column":2},"end":{"line":62,"column":4}},"38":{"start":{"line":66,"column":2},"end":{"line":71,"column":4}},"39":{"start":{"line":75,"column":2},"end":{"line":78,"column":4}},"40":{"start":{"line":93,"column":21},"end":{"line":93,"column":42}},"41":{"start":{"line":94,"column":22},"end":{"line":95,"column":109}},"42":{"start":{"line":94,"column":60},"end":{"line":94,"column":72}},"43":{"start":{"line":96,"column":16},"end":{"line":96,"column":65}},"44":{"start":{"line":97,"column":2},"end":{"line":102,"column":4}},"45":{"start":{"line":108,"column":21},"end":{"line":108,"column":42}},"46":{"start":{"line":109,"column":15},"end":{"line":109,"column":46}},"47":{"start":{"line":110,"column":17},"end":{"line":110,"column":39}},"48":{"start":{"line":111,"column":21},"end":{"line":111,"column":42}},"49":{"start":{"line":112,"column":19},"end":{"line":112,"column":74}},"50":{"start":{"line":113,"column":26},"end":{"line":115,"column":38}},"51":{"start":{"line":114,"column":19},"end":{"line":114,"column":45}},"52":{"start":{"line":115,"column":22},"end":{"line":115,"column":34}},"53":{"start":{"line":116,"column":19},"end":{"line":118,"column":38}},"54":{"start":{"line":117,"column":19},"end":{"line":117,"column":45}},"55":{"start":{"line":118,"column":22},"end":{"line":118,"column":34}},"56":{"start":{"line":119,"column":17},"end":{"line":119,"column":97}},"57":{"start":{"line":120,"column":22},"end":{"line":120,"column":44}},"58":{"start":{"line":122,"column":4},"end":{"line":122,"column":78}},"59":{"start":{"line":123,"column":20},"end":{"line":123,"column":73}},"60":{"start":{"line":126,"column":29},"end":{"line":126,"column":69}},"61":{"start":{"line":127,"column":27},"end":{"line":127,"column":52}},"62":{"start":{"line":130,"column":31},"end":{"line":130,"column":57}},"63":{"start":{"line":133,"column":26},"end":{"line":133,"column":65}},"64":{"start":{"line":136,"column":34},"end":{"line":136,"column":57}},"65":{"start":{"line":139,"column":25},"end":{"line":139,"column":55}},"66":{"start":{"line":140,"column":27},"end":{"line":140,"column":71}},"67":{"start":{"line":141,"column":25},"end":{"line":141,"column":58}},"68":{"start":{"line":145,"column":4},"end":{"line":147,"column":9}},"69":{"start":{"line":149,"column":24},"end":{"line":149,"column":49}},"70":{"start":{"line":151,"column":2},"end":{"line":162,"column":4}},"71":{"start":{"line":175,"column":13},"end":{"line":175,"column":50}},"72":{"start":{"line":176,"column":17},"end":{"line":176,"column":53}},"73":{"start":{"line":177,"column":16},"end":{"line":177,"column":27}},"74":{"start":{"line":178,"column":18},"end":{"line":178,"column":66}},"75":{"start":{"line":179,"column":13},"end":{"line":179,"column":28}},"76":{"start":{"line":180,"column":20},"end":{"line":180,"column":66}},"77":{"start":{"line":181,"column":17},"end":{"line":181,"column":58}},"78":{"start":{"line":182,"column":14},"end":{"line":182,"column":37}},"79":{"start":{"line":183,"column":22},"end":{"line":183,"column":44}},"80":{"start":{"line":184,"column":21},"end":{"line":184,"column":42}},"81":{"start":{"line":185,"column":2},"end":{"line":185,"column":53}},"82":{"start":{"line":190,"column":15},"end":{"line":190,"column":65}},"83":{"start":{"line":191,"column":2},"end":{"line":191,"column":48}},"84":{"start":{"line":201,"column":14},"end":{"line":201,"column":41}},"85":{"start":{"line":202,"column":14},"end":{"line":202,"column":15}},"86":{"start":{"line":203,"column":28},"end":{"line":203,"column":30}},"87":{"start":{"line":207,"column":2},"end":{"line":210,"column":3}},"88":{"start":{"line":208,"column":4},"end":{"line":208,"column":16}},"89":{"start":{"line":209,"column":4},"end":{"line":209,"column":75}},"90":{"start":{"line":212,"column":15},"end":{"line":212,"column":35}},"91":{"start":{"line":213,"column":2},"end":{"line":216,"column":54}},"92":{"start":{"line":213,"column":20},"end":{"line":213,"column":32}},"93":{"start":{"line":213,"column":33},"end":{"line":213,"column":70}},"94":{"start":{"line":214,"column":7},"end":{"line":216,"column":54}},"95":{"start":{"line":214,"column":25},"end":{"line":214,"column":37}},"96":{"start":{"line":214,"column":38},"end":{"line":214,"column":77}},"97":{"start":{"line":215,"column":7},"end":{"line":216,"column":54}},"98":{"start":{"line":215,"column":25},"end":{"line":215,"column":37}},"99":{"start":{"line":215,"column":38},"end":{"line":215,"column":74}},"100":{"start":{"line":216,"column":9},"end":{"line":216,"column":52}},"101":{"start":{"line":218,"column":2},"end":{"line":220,"column":50}},"102":{"start":{"line":218,"column":29},"end":{"line":218,"column":41}},"103":{"start":{"line":218,"column":42},"end":{"line":218,"column":82}},"104":{"start":{"line":219,"column":7},"end":{"line":220,"column":50}},"105":{"start":{"line":219,"column":36},"end":{"line":219,"column":48}},"106":{"start":{"line":219,"column":49},"end":{"line":219,"column":87}},"107":{"start":{"line":220,"column":9},"end":{"line":220,"column":48}},"108":{"start":{"line":222,"column":16},"end":{"line":222,"column":37}},"109":{"start":{"line":223,"column":2},"end":{"line":226,"column":48}},"110":{"start":{"line":223,"column":23},"end":{"line":223,"column":35}},"111":{"start":{"line":223,"column":36},"end":{"line":223,"column":77}},"112":{"start":{"line":224,"column":7},"end":{"line":226,"column":48}},"113":{"start":{"line":224,"column":28},"end":{"line":224,"column":40}},"114":{"start":{"line":224,"column":41},"end":{"line":224,"column":76}},"115":{"start":{"line":225,"column":7},"end":{"line":226,"column":48}},"116":{"start":{"line":225,"column":25},"end":{"line":225,"column":36}},"117":{"start":{"line":225,"column":37},"end":{"line":225,"column":76}},"118":{"start":{"line":226,"column":9},"end":{"line":226,"column":46}},"119":{"start":{"line":228,"column":19},"end":{"line":230,"column":38}},"120":{"start":{"line":229,"column":19},"end":{"line":229,"column":45}},"121":{"start":{"line":230,"column":22},"end":{"line":230,"column":34}},"122":{"start":{"line":231,"column":26},"end":{"line":231,"column":86}},"123":{"start":{"line":232,"column":2},"end":{"line":235,"column":50}},"124":{"start":{"line":232,"column":30},"end":{"line":232,"column":42}},"125":{"start":{"line":232,"column":43},"end":{"line":232,"column":80}},"126":{"start":{"line":233,"column":7},"end":{"line":235,"column":50}},"127":{"start":{"line":233,"column":35},"end":{"line":233,"column":47}},"128":{"start":{"line":233,"column":48},"end":{"line":233,"column":83}},"129":{"start":{"line":234,"column":7},"end":{"line":235,"column":50}},"130":{"start":{"line":234,"column":35},"end":{"line":234,"column":46}},"131":{"start":{"line":234,"column":47},"end":{"line":234,"column":81}},"132":{"start":{"line":235,"column":9},"end":{"line":235,"column":48}},"133":{"start":{"line":237,"column":20},"end":{"line":237,"column":86}},"134":{"start":{"line":238,"column":2},"end":{"line":240,"column":48}},"135":{"start":{"line":238,"column":25},"end":{"line":238,"column":37}},"136":{"start":{"line":238,"column":38},"end":{"line":238,"column":76}},"137":{"start":{"line":239,"column":7},"end":{"line":240,"column":48}},"138":{"start":{"line":239,"column":30},"end":{"line":239,"column":41}},"139":{"start":{"line":239,"column":42},"end":{"line":239,"column":77}},"140":{"start":{"line":240,"column":9},"end":{"line":240,"column":46}},"141":{"start":{"line":242,"column":18},"end":{"line":242,"column":29}},"142":{"start":{"line":243,"column":21},"end":{"line":243,"column":42}},"143":{"start":{"line":246,"column":2},"end":{"line":252,"column":3}},"144":{"start":{"line":247,"column":4},"end":{"line":247,"column":110}},"145":{"start":{"line":247,"column":79},"end":{"line":247,"column":94}},"146":{"start":{"line":248,"column":9},"end":{"line":252,"column":3}},"147":{"start":{"line":249,"column":4},"end":{"line":249,"column":123}},"148":{"start":{"line":249,"column":91},"end":{"line":249,"column":107}},"149":{"start":{"line":251,"column":4},"end":{"line":251,"column":122}},"150":{"start":{"line":251,"column":91},"end":{"line":251,"column":106}},"151":{"start":{"line":254,"column":2},"end":{"line":254,"column":94}},"152":{"start":{"line":259,"column":26},"end":{"line":261,"column":38}},"153":{"start":{"line":260,"column":19},"end":{"line":260,"column":45}},"154":{"start":{"line":261,"column":22},"end":{"line":261,"column":34}},"155":{"start":{"line":262,"column":22},"end":{"line":262,"column":44}},"156":{"start":{"line":263,"column":25},"end":{"line":263,"column":54}},"157":{"start":{"line":264,"column":2},"end":{"line":266,"column":3}},"158":{"start":{"line":265,"column":4},"end":{"line":265,"column":99}},"159":{"start":{"line":267,"column":2},"end":{"line":267,"column":31}},"160":{"start":{"line":300,"column":14},"end":{"line":300,"column":35}},"161":{"start":{"line":301,"column":14},"end":{"line":301,"column":32}},"162":{"start":{"line":302,"column":17},"end":{"line":302,"column":34}},"163":{"start":{"line":303,"column":18},"end":{"line":303,"column":47}},"164":{"start":{"line":306,"column":24},"end":{"line":306,"column":45}},"165":{"start":{"line":309,"column":23},"end":{"line":309,"column":50}},"166":{"start":{"line":310,"column":23},"end":{"line":310,"column":45}},"167":{"start":{"line":311,"column":23},"end":{"line":311,"column":60}},"168":{"start":{"line":314,"column":30},"end":{"line":314,"column":64}},"169":{"start":{"line":315,"column":31},"end":{"line":315,"column":46}},"170":{"start":{"line":318,"column":24},"end":{"line":318,"column":54}},"171":{"start":{"line":319,"column":24},"end":{"line":319,"column":49}},"172":{"start":{"line":320,"column":24},"end":{"line":320,"column":67}},"173":{"start":{"line":323,"column":20},"end":{"line":323,"column":52}},"174":{"start":{"line":324,"column":20},"end":{"line":324,"column":53}},"175":{"start":{"line":325,"column":31},"end":{"line":325,"column":48}},"176":{"start":{"line":328,"column":22},"end":{"line":328,"column":49}},"177":{"start":{"line":331,"column":26},"end":{"line":333,"column":38}},"178":{"start":{"line":332,"column":19},"end":{"line":332,"column":45}},"179":{"start":{"line":333,"column":22},"end":{"line":333,"column":34}},"180":{"start":{"line":334,"column":30},"end":{"line":334,"column":59}},"181":{"start":{"line":336,"column":21},"end":{"line":336,"column":42}},"182":{"start":{"line":337,"column":21},"end":{"line":337,"column":76}},"183":{"start":{"line":340,"column":31},"end":{"line":340,"column":68}},"184":{"start":{"line":341,"column":31},"end":{"line":341,"column":60}},"185":{"start":{"line":342,"column":31},"end":{"line":342,"column":102}},"186":{"start":{"line":343,"column":32},"end":{"line":343,"column":94}},"187":{"start":{"line":346,"column":23},"end":{"line":346,"column":63}},"188":{"start":{"line":348,"column":2},"end":{"line":370,"column":4}},"189":{"start":{"line":378,"column":22},"end":{"line":378,"column":49}},"190":{"start":{"line":379,"column":19},"end":{"line":379,"column":42}},"191":{"start":{"line":380,"column":15},"end":{"line":380,"column":46}},"192":{"start":{"line":381,"column":21},"end":{"line":381,"column":42}},"193":{"start":{"line":382,"column":22},"end":{"line":382,"column":50}},"194":{"start":{"line":384,"column":2},"end":{"line":389,"column":4}},"195":{"start":{"line":400,"column":24},"end":{"line":400,"column":36}},"196":{"start":{"line":401,"column":26},"end":{"line":403,"column":38}},"197":{"start":{"line":402,"column":19},"end":{"line":402,"column":45}},"198":{"start":{"line":403,"column":22},"end":{"line":403,"column":34}},"199":{"start":{"line":404,"column":19},"end":{"line":406,"column":38}},"200":{"start":{"line":405,"column":19},"end":{"line":405,"column":45}},"201":{"start":{"line":406,"column":22},"end":{"line":406,"column":34}},"202":{"start":{"line":407,"column":22},"end":{"line":407,"column":44}},"203":{"start":{"line":408,"column":25},"end":{"line":408,"column":54}},"204":{"start":{"line":409,"column":24},"end":{"line":409,"column":115}},"205":{"start":{"line":411,"column":2},"end":{"line":413,"column":3}},"206":{"start":{"line":412,"column":4},"end":{"line":412,"column":113}},"207":{"start":{"line":414,"column":2},"end":{"line":416,"column":3}},"208":{"start":{"line":415,"column":4},"end":{"line":415,"column":99}},"209":{"start":{"line":417,"column":2},"end":{"line":422,"column":3}},"210":{"start":{"line":418,"column":4},"end":{"line":421,"column":6}},"211":{"start":{"line":424,"column":2},"end":{"line":424,"column":31}}},"fnMap":{"0":{"name":"getTotalActif","decl":{"start":{"line":19,"column":16},"end":{"line":19,"column":29}},"loc":{"start":{"line":19,"column":44},"end":{"line":24,"column":1}}},"1":{"name":"(anonymous_1)","decl":{"start":{"line":20,"column":44},"end":{"line":20,"column":45}},"loc":{"start":{"line":20,"column":54},"end":{"line":20,"column":66}}},"2":{"name":"getTotalImmobilisations","decl":{"start":{"line":26,"column":16},"end":{"line":26,"column":39}},"loc":{"start":{"line":26,"column":54},"end":{"line":30,"column":1}}},"3":{"name":"(anonymous_3)","decl":{"start":{"line":28,"column":12},"end":{"line":28,"column":13}},"loc":{"start":{"line":28,"column":19},"end":{"line":28,"column":52}}},"4":{"name":"(anonymous_4)","decl":{"start":{"line":29,"column":12},"end":{"line":29,"column":13}},"loc":{"start":{"line":29,"column":22},"end":{"line":29,"column":34}}},"5":{"name":"getTotalStocks","decl":{"start":{"line":32,"column":16},"end":{"line":32,"column":30}},"loc":{"start":{"line":32,"column":45},"end":{"line":36,"column":1}}},"6":{"name":"(anonymous_6)","decl":{"start":{"line":34,"column":12},"end":{"line":34,"column":13}},"loc":{"start":{"line":34,"column":19},"end":{"line":34,"column":43}}},"7":{"name":"(anonymous_7)","decl":{"start":{"line":35,"column":12},"end":{"line":35,"column":13}},"loc":{"start":{"line":35,"column":22},"end":{"line":35,"column":34}}},"8":{"name":"getTresorerie","decl":{"start":{"line":38,"column":16},"end":{"line":38,"column":29}},"loc":{"start":{"line":38,"column":44},"end":{"line":41,"column":1}}},"9":{"name":"(anonymous_9)","decl":{"start":{"line":39,"column":37},"end":{"line":39,"column":38}},"loc":{"start":{"line":39,"column":44},"end":{"line":39,"column":72}}},"10":{"name":"getTotalPassif","decl":{"start":{"line":43,"column":16},"end":{"line":43,"column":30}},"loc":{"start":{"line":43,"column":45},"end":{"line":49,"column":1}}},"11":{"name":"(anonymous_11)","decl":{"start":{"line":44,"column":51},"end":{"line":44,"column":52}},"loc":{"start":{"line":44,"column":61},"end":{"line":44,"column":73}}},"12":{"name":"getTotalCharges","decl":{"start":{"line":53,"column":16},"end":{"line":53,"column":31}},"loc":{"start":{"line":53,"column":48},"end":{"line":63,"column":1}}},"13":{"name":"getTotalProduits","decl":{"start":{"line":65,"column":16},"end":{"line":65,"column":32}},"loc":{"start":{"line":65,"column":51},"end":{"line":72,"column":1}}},"14":{"name":"getResultatNet","decl":{"start":{"line":74,"column":16},"end":{"line":74,"column":30}},"loc":{"start":{"line":74,"column":45},"end":{"line":79,"column":1}}},"15":{"name":"verifierEquilibre","decl":{"start":{"line":87,"column":16},"end":{"line":87,"column":33}},"loc":{"start":{"line":87,"column":48},"end":{"line":103,"column":1}}},"16":{"name":"(anonymous_16)","decl":{"start":{"line":94,"column":50},"end":{"line":94,"column":51}},"loc":{"start":{"line":94,"column":60},"end":{"line":94,"column":72}}},"17":{"name":"calculerIndicateurs","decl":{"start":{"line":107,"column":16},"end":{"line":107,"column":35}},"loc":{"start":{"line":107,"column":50},"end":{"line":163,"column":1}}},"18":{"name":"(anonymous_18)","decl":{"start":{"line":114,"column":12},"end":{"line":114,"column":13}},"loc":{"start":{"line":114,"column":19},"end":{"line":114,"column":45}}},"19":{"name":"(anonymous_19)","decl":{"start":{"line":115,"column":12},"end":{"line":115,"column":13}},"loc":{"start":{"line":115,"column":22},"end":{"line":115,"column":34}}},"20":{"name":"(anonymous_20)","decl":{"start":{"line":117,"column":12},"end":{"line":117,"column":13}},"loc":{"start":{"line":117,"column":19},"end":{"line":117,"column":45}}},"21":{"name":"(anonymous_21)","decl":{"start":{"line":118,"column":12},"end":{"line":118,"column":13}},"loc":{"start":{"line":118,"column":22},"end":{"line":118,"column":34}}},"22":{"name":"calculerSIGSimplifie","decl":{"start":{"line":174,"column":16},"end":{"line":174,"column":36}},"loc":{"start":{"line":174,"column":51},"end":{"line":186,"column":1}}},"23":{"name":"calculerInterets","decl":{"start":{"line":189,"column":16},"end":{"line":189,"column":32}},"loc":{"start":{"line":189,"column":79},"end":{"line":192,"column":1}}},"24":{"name":"scorerDemandePret","decl":{"start":{"line":196,"column":16},"end":{"line":196,"column":33}},"loc":{"start":{"line":199,"column":26},"end":{"line":255,"column":1}}},"25":{"name":"(anonymous_25)","decl":{"start":{"line":229,"column":12},"end":{"line":229,"column":13}},"loc":{"start":{"line":229,"column":19},"end":{"line":229,"column":45}}},"26":{"name":"(anonymous_26)","decl":{"start":{"line":230,"column":12},"end":{"line":230,"column":13}},"loc":{"start":{"line":230,"column":22},"end":{"line":230,"column":34}}},"27":{"name":"(anonymous_27)","decl":{"start":{"line":247,"column":74},"end":{"line":247,"column":75}},"loc":{"start":{"line":247,"column":79},"end":{"line":247,"column":94}}},"28":{"name":"(anonymous_28)","decl":{"start":{"line":249,"column":86},"end":{"line":249,"column":87}},"loc":{"start":{"line":249,"column":91},"end":{"line":249,"column":107}}},"29":{"name":"(anonymous_29)","decl":{"start":{"line":251,"column":86},"end":{"line":251,"column":87}},"loc":{"start":{"line":251,"column":91},"end":{"line":251,"column":106}}},"30":{"name":"verifierFailliteProgressive","decl":{"start":{"line":258,"column":16},"end":{"line":258,"column":43}},"loc":{"start":{"line":258,"column":58},"end":{"line":268,"column":1}}},"31":{"name":"(anonymous_31)","decl":{"start":{"line":260,"column":12},"end":{"line":260,"column":13}},"loc":{"start":{"line":260,"column":19},"end":{"line":260,"column":45}}},"32":{"name":"(anonymous_32)","decl":{"start":{"line":261,"column":12},"end":{"line":261,"column":13}},"loc":{"start":{"line":261,"column":22},"end":{"line":261,"column":34}}},"33":{"name":"calculerSIG","decl":{"start":{"line":299,"column":16},"end":{"line":299,"column":27}},"loc":{"start":{"line":299,"column":42},"end":{"line":371,"column":1}}},"34":{"name":"(anonymous_34)","decl":{"start":{"line":332,"column":12},"end":{"line":332,"column":13}},"loc":{"start":{"line":332,"column":19},"end":{"line":332,"column":45}}},"35":{"name":"(anonymous_35)","decl":{"start":{"line":333,"column":12},"end":{"line":333,"column":13}},"loc":{"start":{"line":333,"column":22},"end":{"line":333,"column":34}}},"36":{"name":"calculerScore","decl":{"start":{"line":377,"column":16},"end":{"line":377,"column":29}},"loc":{"start":{"line":377,"column":44},"end":{"line":390,"column":1}}},"37":{"name":"verifierFaillite","decl":{"start":{"line":399,"column":16},"end":{"line":399,"column":32}},"loc":{"start":{"line":399,"column":47},"end":{"line":425,"column":1}}},"38":{"name":"(anonymous_38)","decl":{"start":{"line":402,"column":12},"end":{"line":402,"column":13}},"loc":{"start":{"line":402,"column":19},"end":{"line":402,"column":45}}},"39":{"name":"(anonymous_39)","decl":{"start":{"line":403,"column":12},"end":{"line":403,"column":13}},"loc":{"start":{"line":403,"column":22},"end":{"line":403,"column":34}}},"40":{"name":"(anonymous_40)","decl":{"start":{"line":405,"column":12},"end":{"line":405,"column":13}},"loc":{"start":{"line":405,"column":19},"end":{"line":405,"column":45}}},"41":{"name":"(anonymous_41)","decl":{"start":{"line":406,"column":12},"end":{"line":406,"column":13}},"loc":{"start":{"line":406,"column":22},"end":{"line":406,"column":34}}}},"branchMap":{"0":{"loc":{"start":{"line":40,"column":9},"end":{"line":40,"column":25}},"type":"cond-expr","locations":[{"start":{"line":40,"column":13},"end":{"line":40,"column":21}},{"start":{"line":40,"column":24},"end":{"line":40,"column":25}}]},"1":{"loc":{"start":{"line":46,"column":40},"end":{"line":46,"column":66}},"type":"binary-expr","locations":[{"start":{"line":46,"column":40},"end":{"line":46,"column":61}},{"start":{"line":46,"column":65},"end":{"line":46,"column":66}}]},"2":{"loc":{"start":{"line":95,"column":52},"end":{"line":95,"column":78}},"type":"binary-expr","locations":[{"start":{"line":95,"column":52},"end":{"line":95,"column":73}},{"start":{"line":95,"column":77},"end":{"line":95,"column":78}}]},"3":{"loc":{"start":{"line":119,"column":40},"end":{"line":119,"column":66}},"type":"binary-expr","locations":[{"start":{"line":119,"column":40},"end":{"line":119,"column":61}},{"start":{"line":119,"column":65},"end":{"line":119,"column":66}}]},"4":{"loc":{"start":{"line":145,"column":4},"end":{"line":147,"column":9}},"type":"cond-expr","locations":[{"start":{"line":146,"column":8},"end":{"line":146,"column":61}},{"start":{"line":147,"column":8},"end":{"line":147,"column":9}}]},"5":{"loc":{"start":{"line":189,"column":56},"end":{"line":189,"column":79}},"type":"default-arg","locations":[{"start":{"line":189,"column":74},"end":{"line":189,"column":79}}]},"6":{"loc":{"start":{"line":190,"column":15},"end":{"line":190,"column":65}},"type":"cond-expr","locations":[{"start":{"line":190,"column":24},"end":{"line":190,"column":43}},{"start":{"line":190,"column":46},"end":{"line":190,"column":65}}]},"7":{"loc":{"start":{"line":199,"column":2},"end":{"line":199,"column":26}},"type":"default-arg","locations":[{"start":{"line":199,"column":23},"end":{"line":199,"column":26}}]},"8":{"loc":{"start":{"line":207,"column":2},"end":{"line":210,"column":3}},"type":"if","locations":[{"start":{"line":207,"column":2},"end":{"line":210,"column":3}}]},"9":{"loc":{"start":{"line":213,"column":2},"end":{"line":216,"column":54}},"type":"if","locations":[{"start":{"line":213,"column":2},"end":{"line":216,"column":54}},{"start":{"line":214,"column":7},"end":{"line":216,"column":54}}]},"10":{"loc":{"start":{"line":214,"column":7},"end":{"line":216,"column":54}},"type":"if","locations":[{"start":{"line":214,"column":7},"end":{"line":216,"column":54}},{"start":{"line":215,"column":7},"end":{"line":216,"column":54}}]},"11":{"loc":{"start":{"line":215,"column":7},"end":{"line":216,"column":54}},"type":"if","locations":[{"start":{"line":215,"column":7},"end":{"line":216,"column":54}},{"start":{"line":216,"column":7},"end":{"line":216,"column":54}}]},"12":{"loc":{"start":{"line":218,"column":2},"end":{"line":220,"column":50}},"type":"if","locations":[{"start":{"line":218,"column":2},"end":{"line":220,"column":50}},{"start":{"line":219,"column":7},"end":{"line":220,"column":50}}]},"13":{"loc":{"start":{"line":219,"column":7},"end":{"line":220,"column":50}},"type":"if","locations":[{"start":{"line":219,"column":7},"end":{"line":220,"column":50}},{"start":{"line":220,"column":7},"end":{"line":220,"column":50}}]},"14":{"loc":{"start":{"line":223,"column":2},"end":{"line":226,"column":48}},"type":"if","locations":[{"start":{"line":223,"column":2},"end":{"line":226,"column":48}},{"start":{"line":224,"column":7},"end":{"line":226,"column":48}}]},"15":{"loc":{"start":{"line":224,"column":7},"end":{"line":226,"column":48}},"type":"if","locations":[{"start":{"line":224,"column":7},"end":{"line":226,"column":48}},{"start":{"line":225,"column":7},"end":{"line":226,"column":48}}]},"16":{"loc":{"start":{"line":225,"column":7},"end":{"line":226,"column":48}},"type":"if","locations":[{"start":{"line":225,"column":7},"end":{"line":226,"column":48}},{"start":{"line":226,"column":7},"end":{"line":226,"column":48}}]},"17":{"loc":{"start":{"line":231,"column":26},"end":{"line":231,"column":86}},"type":"cond-expr","locations":[{"start":{"line":231,"column":47},"end":{"line":231,"column":80}},{"start":{"line":231,"column":83},"end":{"line":231,"column":86}}]},"18":{"loc":{"start":{"line":232,"column":2},"end":{"line":235,"column":50}},"type":"if","locations":[{"start":{"line":232,"column":2},"end":{"line":235,"column":50}},{"start":{"line":233,"column":7},"end":{"line":235,"column":50}}]},"19":{"loc":{"start":{"line":233,"column":7},"end":{"line":235,"column":50}},"type":"if","locations":[{"start":{"line":233,"column":7},"end":{"line":235,"column":50}},{"start":{"line":234,"column":7},"end":{"line":235,"column":50}}]},"20":{"loc":{"start":{"line":234,"column":7},"end":{"line":235,"column":50}},"type":"if","locations":[{"start":{"line":234,"column":7},"end":{"line":235,"column":50}},{"start":{"line":235,"column":7},"end":{"line":235,"column":50}}]},"21":{"loc":{"start":{"line":237,"column":20},"end":{"line":237,"column":86}},"type":"cond-expr","locations":[{"start":{"line":237,"column":41},"end":{"line":237,"column":80}},{"start":{"line":237,"column":83},"end":{"line":237,"column":86}}]},"22":{"loc":{"start":{"line":238,"column":2},"end":{"line":240,"column":48}},"type":"if","locations":[{"start":{"line":238,"column":2},"end":{"line":240,"column":48}},{"start":{"line":239,"column":7},"end":{"line":240,"column":48}}]},"23":{"loc":{"start":{"line":239,"column":7},"end":{"line":240,"column":48}},"type":"if","locations":[{"start":{"line":239,"column":7},"end":{"line":240,"column":48}},{"start":{"line":240,"column":7},"end":{"line":240,"column":48}}]},"24":{"loc":{"start":{"line":243,"column":21},"end":{"line":243,"column":42}},"type":"binary-expr","locations":[{"start":{"line":243,"column":21},"end":{"line":243,"column":28}},{"start":{"line":243,"column":32},"end":{"line":243,"column":42}}]},"25":{"loc":{"start":{"line":246,"column":2},"end":{"line":252,"column":3}},"type":"if","locations":[{"start":{"line":246,"column":2},"end":{"line":252,"column":3}},{"start":{"line":248,"column":9},"end":{"line":252,"column":3}}]},"26":{"loc":{"start":{"line":248,"column":9},"end":{"line":252,"column":3}},"type":"if","locations":[{"start":{"line":248,"column":9},"end":{"line":252,"column":3}},{"start":{"line":250,"column":9},"end":{"line":252,"column":3}}]},"27":{"loc":{"start":{"line":254,"column":36},"end":{"line":254,"column":64}},"type":"cond-expr","locations":[{"start":{"line":254,"column":46},"end":{"line":254,"column":60}},{"start":{"line":254,"column":63},"end":{"line":254,"column":64}}]},"28":{"loc":{"start":{"line":264,"column":2},"end":{"line":266,"column":3}},"type":"if","locations":[{"start":{"line":264,"column":2},"end":{"line":266,"column":3}}]},"29":{"loc":{"start":{"line":340,"column":31},"end":{"line":340,"column":68}},"type":"cond-expr","locations":[{"start":{"line":340,"column":40},"end":{"line":340,"column":64}},{"start":{"line":340,"column":67},"end":{"line":340,"column":68}}]},"30":{"loc":{"start":{"line":341,"column":31},"end":{"line":341,"column":60}},"type":"cond-expr","locations":[{"start":{"line":341,"column":40},"end":{"line":341,"column":56}},{"start":{"line":341,"column":59},"end":{"line":341,"column":60}}]},"31":{"loc":{"start":{"line":342,"column":31},"end":{"line":342,"column":102}},"type":"cond-expr","locations":[{"start":{"line":342,"column":57},"end":{"line":342,"column":98}},{"start":{"line":342,"column":101},"end":{"line":342,"column":102}}]},"32":{"loc":{"start":{"line":343,"column":32},"end":{"line":343,"column":94}},"type":"cond-expr","locations":[{"start":{"line":343,"column":49},"end":{"line":343,"column":90}},{"start":{"line":343,"column":93},"end":{"line":343,"column":94}}]},"33":{"loc":{"start":{"line":346,"column":23},"end":{"line":346,"column":63}},"type":"cond-expr","locations":[{"start":{"line":346,"column":32},"end":{"line":346,"column":59}},{"start":{"line":346,"column":62},"end":{"line":346,"column":63}}]},"34":{"loc":{"start":{"line":409,"column":47},"end":{"line":409,"column":73}},"type":"binary-expr","locations":[{"start":{"line":409,"column":47},"end":{"line":409,"column":68}},{"start":{"line":409,"column":72},"end":{"line":409,"column":73}}]},"35":{"loc":{"start":{"line":411,"column":2},"end":{"line":413,"column":3}},"type":"if","locations":[{"start":{"line":411,"column":2},"end":{"line":413,"column":3}}]},"36":{"loc":{"start":{"line":414,"column":2},"end":{"line":416,"column":3}},"type":"if","locations":[{"start":{"line":414,"column":2},"end":{"line":416,"column":3}}]},"37":{"loc":{"start":{"line":417,"column":2},"end":{"line":422,"column":3}},"type":"if","locations":[{"start":{"line":417,"column":2},"end":{"line":422,"column":3}}]},"38":{"loc":{"start":{"line":417,"column":6},"end":{"line":417,"column":61}},"type":"binary-expr","locations":[{"start":{"line":417,"column":6},"end":{"line":417,"column":23}},{"start":{"line":417,"column":27},"end":{"line":417,"column":61}}]}},"s":{"0":1,"1":1,"2":1,"3":1,"4":1,"5":1,"6":1,"7":1,"8":1,"9":1,"10":1,"11":1,"12":1,"13":1,"14":1,"15":1,"16":1,"17":1,"18":11,"19":55,"20":11,"21":11,"22":9,"23":45,"24":27,"25":8,"26":40,"27":8,"28":16,"29":80,"30":16,"31":0,"32":0,"33":0,"34":0,"35":0,"36":0,"37":23,"38":23,"39":23,"40":7,"41":7,"42":21,"43":7,"44":7,"45":4,"46":4,"47":4,"48":4,"49":4,"50":4,"51":12,"52":4,"53":4,"54":12,"55":4,"56":4,"57":4,"58":4,"59":4,"60":4,"61":4,"62":4,"63":4,"64":4,"65":4,"66":4,"67":4,"68":4,"69":4,"70":4,"71":0,"72":0,"73":0,"74":0,"75":0,"76":0,"77":0,"78":0,"79":0,"80":0,"81":0,"82":0,"83":0,"84":0,"85":0,"86":0,"87":0,"88":0,"89":0,"90":0,"91":0,"92":0,"93":0,"94":0,"95":0,"96":0,"97":0,"98":0,"99":0,"100":0,"101":0,"102":0,"103":0,"104":0,"105":0,"106":0,"107":0,"108":0,"109":0,"110":0,"111":0,"112":0,"113":0,"114":0,"115":0,"116":0,"117":0,"118":0,"119":0,"120":0,"121":0,"122":0,"123":0,"124":0,"125":0,"126":0,"127":0,"128":0,"129":0,"130":0,"131":0,"132":0,"133":0,"134":0,"135":0,"136":0,"137":0,"138":0,"139":0,"140":0,"141":0,"142":0,"143":0,"144":0,"145":0,"146":0,"147":0,"148":0,"149":0,"150":0,"151":0,"152":0,"153":0,"154":0,"155":0,"156":0,"157":0,"158":0,"159":0,"160":0,"161":0,"162":0,"163":0,"164":0,"165":0,"166":0,"167":0,"168":0,"169":0,"170":0,"171":0,"172":0,"173":0,"174":0,"175":0,"176":0,"177":0,"178":0,"179":0,"180":0,"181":0,"182":0,"183":0,"184":0,"185":0,"186":0,"187":0,"188":0,"189":3,"190":3,"191":3,"192":3,"193":3,"194":3,"195":3,"196":3,"197":9,"198":3,"199":3,"200":9,"201":3,"202":3,"203":3,"204":3,"205":3,"206":0,"207":3,"208":1,"209":2,"210":0,"211":2},"f":{"0":11,"1":55,"2":9,"3":45,"4":27,"5":8,"6":40,"7":8,"8":16,"9":80,"10":0,"11":0,"12":23,"13":23,"14":23,"15":7,"16":21,"17":4,"18":12,"19":4,"20":12,"21":4,"22":0,"23":0,"24":0,"25":0,"26":0,"27":0,"28":0,"29":0,"30":0,"31":0,"32":0,"33":0,"34":0,"35":0,"36":3,"37":3,"38":9,"39":3,"40":9,"41":3},"b":{"0":[16,0],"1":[0,0],"2":[7,0],"3":[4,0],"4":[4,0],"5":[0],"6":[0,0],"7":[0],"8":[0],"9":[0,0],"10":[0,0],"11":[0,0],"12":[0,0],"13":[0,0],"14":[0,0],"15":[0,0],"16":[0,0],"17":[0,0],"18":[0,0],"19":[0,0],"20":[0,0],"21":[0,0],"22":[0,0],"23":[0,0],"24":[0,0],"25":[0,0],"26":[0,0],"27":[0,0],"28":[0],"29":[0,0],"30":[0,0],"31":[0,0],"32":[0,0],"33":[0,0],"34":[3,0],"35":[0],"36":[1],"37":[0],"38":[2,2]}}
,"/sessions/determined-jolly-davinci/mnt/jedevienspatron-github/packages/game-engine/src/engine.ts": {"path":"/sessions/determined-jolly-davinci/mnt/jedevienspatron-github/packages/game-engine/src/engine.ts","statementMap":{"0":{"start":{"line":188,"column":0},"end":{"line":188,"column":16}},"1":{"start":{"line":256,"column":0},"end":{"line":256,"column":16}},"2":{"start":{"line":285,"column":0},"end":{"line":285,"column":16}},"3":{"start":{"line":458,"column":0},"end":{"line":458,"column":16}},"4":{"start":{"line":488,"column":0},"end":{"line":488,"column":16}},"5":{"start":{"line":537,"column":0},"end":{"line":537,"column":16}},"6":{"start":{"line":548,"column":0},"end":{"line":548,"column":16}},"7":{"start":{"line":575,"column":0},"end":{"line":575,"column":16}},"8":{"start":{"line":630,"column":0},"end":{"line":630,"column":16}},"9":{"start":{"line":671,"column":0},"end":{"line":671,"column":16}},"10":{"start":{"line":709,"column":0},"end":{"line":709,"column":16}},"11":{"start":{"line":725,"column":0},"end":{"line":725,"column":16}},"12":{"start":{"line":736,"column":0},"end":{"line":736,"column":16}},"13":{"start":{"line":746,"column":0},"end":{"line":746,"column":16}},"14":{"start":{"line":833,"column":0},"end":{"line":833,"column":16}},"15":{"start":{"line":889,"column":0},"end":{"line":889,"column":16}},"16":{"start":{"line":939,"column":0},"end":{"line":939,"column":16}},"17":{"start":{"line":982,"column":0},"end":{"line":982,"column":16}},"18":{"start":{"line":1015,"column":0},"end":{"line":1015,"column":16}},"19":{"start":{"line":1042,"column":0},"end":{"line":1042,"column":16}},"20":{"start":{"line":1073,"column":0},"end":{"line":1073,"column":16}},"21":{"start":{"line":1093,"column":0},"end":{"line":1093,"column":16}},"22":{"start":{"line":7,"column":0},"end":{"line":7,"column":null}},"23":{"start":{"line":31,"column":0},"end":{"line":31,"column":49}},"24":{"start":{"line":32,"column":0},"end":{"line":32,"column":83}},"25":{"start":{"line":33,"column":0},"end":{"line":33,"column":null}},"26":{"start":{"line":44,"column":24},"end":{"line":44,"column":25}},"27":{"start":{"line":48,"column":18},"end":{"line":55,"column":11}},"28":{"start":{"line":60,"column":12},"end":{"line":60,"column":20}},"29":{"start":{"line":61,"column":2},"end":{"line":64,"column":3}},"30":{"start":{"line":61,"column":15},"end":{"line":61,"column":27}},"31":{"start":{"line":62,"column":14},"end":{"line":62,"column":49}},"32":{"start":{"line":63,"column":4},"end":{"line":63,"column":32}},"33":{"start":{"line":65,"column":2},"end":{"line":65,"column":11}},"34":{"start":{"line":69,"column":2},"end":{"line":78,"column":4}},"35":{"start":{"line":82,"column":2},"end":{"line":98,"column":4}},"36":{"start":{"line":106,"column":2},"end":{"line":115,"column":4}},"37":{"start":{"line":107,"column":47},"end":{"line":107,"column":88}},"38":{"start":{"line":108,"column":4},"end":{"line":114,"column":7}},"39":{"start":{"line":124,"column":18},"end":{"line":124,"column":84}},"40":{"start":{"line":125,"column":19},"end":{"line":125,"column":86}},"41":{"start":{"line":126,"column":22},"end":{"line":126,"column":41}},"42":{"start":{"line":127,"column":23},"end":{"line":127,"column":43}},"43":{"start":{"line":128,"column":16},"end":{"line":128,"column":65}},"44":{"start":{"line":131,"column":2},"end":{"line":135,"column":3}},"45":{"start":{"line":132,"column":16},"end":{"line":132,"column":30}},"46":{"start":{"line":133,"column":4},"end":{"line":133,"column":46}},"47":{"start":{"line":134,"column":4},"end":{"line":134,"column":67}},"48":{"start":{"line":138,"column":2},"end":{"line":142,"column":3}},"49":{"start":{"line":139,"column":16},"end":{"line":139,"column":31}},"50":{"start":{"line":140,"column":4},"end":{"line":140,"column":47}},"51":{"start":{"line":141,"column":4},"end":{"line":141,"column":68}},"52":{"start":{"line":145,"column":2},"end":{"line":149,"column":3}},"53":{"start":{"line":146,"column":16},"end":{"line":146,"column":28}},"54":{"start":{"line":147,"column":4},"end":{"line":147,"column":44}},"55":{"start":{"line":148,"column":4},"end":{"line":148,"column":65}},"56":{"start":{"line":154,"column":2},"end":{"line":165,"column":3}},"57":{"start":{"line":155,"column":22},"end":{"line":157,"column":17}},"58":{"start":{"line":156,"column":32},"end":{"line":156,"column":66}},"59":{"start":{"line":159,"column":4},"end":{"line":159,"column":95}},"60":{"start":{"line":159,"column":22},"end":{"line":159,"column":95}},"61":{"start":{"line":159,"column":60},"end":{"line":159,"column":93}},"62":{"start":{"line":160,"column":4},"end":{"line":164,"column":5}},"63":{"start":{"line":161,"column":18},"end":{"line":161,"column":36}},"64":{"start":{"line":162,"column":6},"end":{"line":162,"column":52}},"65":{"start":{"line":163,"column":6},"end":{"line":163,"column":73}},"66":{"start":{"line":167,"column":16},"end":{"line":167,"column":62}},"67":{"start":{"line":167,"column":40},"end":{"line":167,"column":61}},"68":{"start":{"line":168,"column":2},"end":{"line":172,"column":3}},"69":{"start":{"line":169,"column":16},"end":{"line":169,"column":28}},"70":{"start":{"line":170,"column":4},"end":{"line":170,"column":83}},"71":{"start":{"line":171,"column":4},"end":{"line":171,"column":65}},"72":{"start":{"line":175,"column":17},"end":{"line":175,"column":64}},"73":{"start":{"line":175,"column":42},"end":{"line":175,"column":63}},"74":{"start":{"line":176,"column":2},"end":{"line":180,"column":3}},"75":{"start":{"line":177,"column":16},"end":{"line":177,"column":29}},"76":{"start":{"line":178,"column":4},"end":{"line":178,"column":45}},"77":{"start":{"line":179,"column":4},"end":{"line":179,"column":66}},"78":{"start":{"line":183,"column":2},"end":{"line":183,"column":104}},"79":{"start":{"line":193,"column":19},"end":{"line":193,"column":67}},"80":{"start":{"line":193,"column":43},"end":{"line":193,"column":66}},"81":{"start":{"line":194,"column":2},"end":{"line":194,"column":75}},"82":{"start":{"line":194,"column":17},"end":{"line":194,"column":75}},"83":{"start":{"line":196,"column":16},"end":{"line":196,"column":34}},"84":{"start":{"line":199,"column":2},"end":{"line":207,"column":6}},"85":{"start":{"line":199,"column":45},"end":{"line":207,"column":4}},"86":{"start":{"line":210,"column":2},"end":{"line":218,"column":6}},"87":{"start":{"line":210,"column":47},"end":{"line":218,"column":4}},"88":{"start":{"line":220,"column":2},"end":{"line":253,"column":4}},"89":{"start":{"line":230,"column":43},"end":{"line":230,"column":51}},"90":{"start":{"line":231,"column":45},"end":{"line":231,"column":53}},"91":{"start":{"line":238,"column":24},"end":{"line":238,"column":89}},"92":{"start":{"line":238,"column":52},"end":{"line":238,"column":88}},"93":{"start":{"line":239,"column":19},"end":{"line":239,"column":105}},"94":{"start":{"line":240,"column":6},"end":{"line":240,"column":68}},"95":{"start":{"line":246,"column":17},"end":{"line":246,"column":74}},"96":{"start":{"line":246,"column":44},"end":{"line":246,"column":73}},"97":{"start":{"line":247,"column":6},"end":{"line":247,"column":32}},"98":{"start":{"line":260,"column":18},"end":{"line":261,"column":null}},"99":{"start":{"line":261,"column":4},"end":{"line":261,"column":49}},"100":{"start":{"line":264,"column":2},"end":{"line":280,"column":4}},"101":{"start":{"line":273,"column":36},"end":{"line":273,"column":64}},"102":{"start":{"line":289,"column":17},"end":{"line":289,"column":40}},"103":{"start":{"line":290,"column":57},"end":{"line":290,"column":59}},"104":{"start":{"line":291,"column":15},"end":{"line":291,"column":46}},"105":{"start":{"line":296,"column":2},"end":{"line":308,"column":3}},"106":{"start":{"line":297,"column":18},"end":{"line":297,"column":70}},"107":{"start":{"line":298,"column":4},"end":{"line":302,"column":6}},"108":{"start":{"line":303,"column":4},"end":{"line":307,"column":6}},"109":{"start":{"line":312,"column":24},"end":{"line":312,"column":84}},"110":{"start":{"line":312,"column":57},"end":{"line":312,"column":83}},"111":{"start":{"line":313,"column":2},"end":{"line":325,"column":3}},"112":{"start":{"line":314,"column":27},"end":{"line":314,"column":98}},"113":{"start":{"line":315,"column":4},"end":{"line":319,"column":6}},"114":{"start":{"line":320,"column":4},"end":{"line":324,"column":6}},"115":{"start":{"line":328,"column":2},"end":{"line":353,"column":3}},"116":{"start":{"line":329,"column":28},"end":{"line":329,"column":49}},"117":{"start":{"line":330,"column":34},"end":{"line":330,"column":104}},"118":{"start":{"line":331,"column":34},"end":{"line":331,"column":95}},"119":{"start":{"line":332,"column":4},"end":{"line":352,"column":5}},"120":{"start":{"line":333,"column":6},"end":{"line":337,"column":8}},"121":{"start":{"line":338,"column":6},"end":{"line":342,"column":8}},"122":{"start":{"line":345,"column":6},"end":{"line":351,"column":9}},"123":{"start":{"line":356,"column":2},"end":{"line":359,"column":3}},"124":{"start":{"line":357,"column":4},"end":{"line":357,"column":77}},"125":{"start":{"line":358,"column":4},"end":{"line":358,"column":72}},"126":{"start":{"line":362,"column":2},"end":{"line":366,"column":3}},"127":{"start":{"line":363,"column":22},"end":{"line":363,"column":43}},"128":{"start":{"line":364,"column":4},"end":{"line":364,"column":104}},"129":{"start":{"line":365,"column":4},"end":{"line":365,"column":76}},"130":{"start":{"line":369,"column":2},"end":{"line":372,"column":3}},"131":{"start":{"line":370,"column":4},"end":{"line":370,"column":81}},"132":{"start":{"line":371,"column":4},"end":{"line":371,"column":84}},"133":{"start":{"line":375,"column":19},"end":{"line":375,"column":79}},"134":{"start":{"line":375,"column":52},"end":{"line":375,"column":78}},"135":{"start":{"line":376,"column":2},"end":{"line":379,"column":3}},"136":{"start":{"line":377,"column":4},"end":{"line":377,"column":142}},"137":{"start":{"line":378,"column":4},"end":{"line":378,"column":136}},"138":{"start":{"line":382,"column":2},"end":{"line":386,"column":4}},"139":{"start":{"line":387,"column":2},"end":{"line":391,"column":4}},"140":{"start":{"line":398,"column":28},"end":{"line":399,"column":null}},"141":{"start":{"line":399,"column":11},"end":{"line":399,"column":60}},"142":{"start":{"line":401,"column":2},"end":{"line":427,"column":3}},"143":{"start":{"line":402,"column":23},"end":{"line":402,"column":74}},"144":{"start":{"line":402,"column":58},"end":{"line":402,"column":70}},"145":{"start":{"line":405,"column":4},"end":{"line":407,"column":7}},"146":{"start":{"line":406,"column":6},"end":{"line":406,"column":52}},"147":{"start":{"line":409,"column":23},"end":{"line":409,"column":74}},"148":{"start":{"line":409,"column":58},"end":{"line":409,"column":70}},"149":{"start":{"line":410,"column":26},"end":{"line":410,"column":49}},"150":{"start":{"line":413,"column":4},"end":{"line":419,"column":7}},"151":{"start":{"line":422,"column":4},"end":{"line":426,"column":6}},"152":{"start":{"line":430,"column":16},"end":{"line":430,"column":37}},"153":{"start":{"line":431,"column":2},"end":{"line":439,"column":3}},"154":{"start":{"line":432,"column":29},"end":{"line":432,"column":44}},"155":{"start":{"line":433,"column":4},"end":{"line":433,"column":67}},"156":{"start":{"line":434,"column":4},"end":{"line":438,"column":6}},"157":{"start":{"line":442,"column":2},"end":{"line":451,"column":3}},"158":{"start":{"line":443,"column":4},"end":{"line":443,"column":26}},"159":{"start":{"line":444,"column":4},"end":{"line":450,"column":7}},"160":{"start":{"line":453,"column":2},"end":{"line":453,"column":41}},"161":{"start":{"line":464,"column":17},"end":{"line":464,"column":40}},"162":{"start":{"line":465,"column":57},"end":{"line":465,"column":59}},"163":{"start":{"line":467,"column":2},"end":{"line":467,"column":60}},"164":{"start":{"line":467,"column":21},"end":{"line":467,"column":60}},"165":{"start":{"line":468,"column":15},"end":{"line":468,"column":46}},"166":{"start":{"line":471,"column":18},"end":{"line":471,"column":54}},"167":{"start":{"line":474,"column":2},"end":{"line":474,"column":90}},"168":{"start":{"line":477,"column":2},"end":{"line":481,"column":3}},"169":{"start":{"line":478,"column":4},"end":{"line":478,"column":70}},"170":{"start":{"line":480,"column":4},"end":{"line":480,"column":80}},"171":{"start":{"line":483,"column":2},"end":{"line":483,"column":41}},"172":{"start":{"line":492,"column":17},"end":{"line":492,"column":40}},"173":{"start":{"line":493,"column":57},"end":{"line":493,"column":59}},"174":{"start":{"line":494,"column":15},"end":{"line":494,"column":46}},"175":{"start":{"line":497,"column":25},"end":{"line":497,"column":89}},"176":{"start":{"line":497,"column":58},"end":{"line":497,"column":88}},"177":{"start":{"line":499,"column":2},"end":{"line":519,"column":3}},"178":{"start":{"line":500,"column":4},"end":{"line":503,"column":5}},"179":{"start":{"line":501,"column":6},"end":{"line":501,"column":94}},"180":{"start":{"line":502,"column":6},"end":{"line":502,"column":90}},"181":{"start":{"line":504,"column":4},"end":{"line":507,"column":5}},"182":{"start":{"line":505,"column":6},"end":{"line":505,"column":94}},"183":{"start":{"line":506,"column":6},"end":{"line":506,"column":90}},"184":{"start":{"line":510,"column":4},"end":{"line":513,"column":5}},"185":{"start":{"line":511,"column":6},"end":{"line":511,"column":106}},"186":{"start":{"line":512,"column":6},"end":{"line":512,"column":84}},"187":{"start":{"line":515,"column":4},"end":{"line":518,"column":5}},"188":{"start":{"line":516,"column":6},"end":{"line":516,"column":89}},"189":{"start":{"line":517,"column":6},"end":{"line":517,"column":97}},"190":{"start":{"line":522,"column":2},"end":{"line":530,"column":3}},"191":{"start":{"line":523,"column":4},"end":{"line":529,"column":7}},"192":{"start":{"line":532,"column":2},"end":{"line":532,"column":41}},"193":{"start":{"line":538,"column":2},"end":{"line":545,"column":10}},"194":{"start":{"line":539,"column":19},"end":{"line":539,"column":47}},"195":{"start":{"line":541,"column":19},"end":{"line":543,"column":51}},"196":{"start":{"line":542,"column":23},"end":{"line":542,"column":53}},"197":{"start":{"line":543,"column":26},"end":{"line":543,"column":47}},"198":{"start":{"line":544,"column":6},"end":{"line":544,"column":24}},"199":{"start":{"line":552,"column":17},"end":{"line":552,"column":40}},"200":{"start":{"line":553,"column":57},"end":{"line":553,"column":59}},"201":{"start":{"line":554,"column":15},"end":{"line":554,"column":46}},"202":{"start":{"line":556,"column":2},"end":{"line":556,"column":57}},"203":{"start":{"line":556,"column":18},"end":{"line":556,"column":57}},"204":{"start":{"line":557,"column":15},"end":{"line":557,"column":46}},"205":{"start":{"line":559,"column":2},"end":{"line":559,"column":89}},"206":{"start":{"line":560,"column":2},"end":{"line":560,"column":71}},"207":{"start":{"line":562,"column":2},"end":{"line":562,"column":41}},"208":{"start":{"line":580,"column":17},"end":{"line":580,"column":40}},"209":{"start":{"line":581,"column":57},"end":{"line":581,"column":59}},"210":{"start":{"line":582,"column":15},"end":{"line":582,"column":46}},"211":{"start":{"line":584,"column":17},"end":{"line":584,"column":39}},"212":{"start":{"line":585,"column":2},"end":{"line":592,"column":3}},"213":{"start":{"line":586,"column":4},"end":{"line":591,"column":6}},"214":{"start":{"line":594,"column":18},"end":{"line":594,"column":43}},"215":{"start":{"line":597,"column":2},"end":{"line":597,"column":68}},"216":{"start":{"line":600,"column":2},"end":{"line":600,"column":121}},"217":{"start":{"line":603,"column":2},"end":{"line":603,"column":117}},"218":{"start":{"line":607,"column":24},"end":{"line":609,"column":31}},"219":{"start":{"line":611,"column":2},"end":{"line":623,"column":3}},"220":{"start":{"line":612,"column":18},"end":{"line":614,"column":56}},"221":{"start":{"line":615,"column":4},"end":{"line":615,"column":39}},"222":{"start":{"line":616,"column":9},"end":{"line":623,"column":3}},"223":{"start":{"line":617,"column":18},"end":{"line":619,"column":58}},"224":{"start":{"line":620,"column":4},"end":{"line":620,"column":42}},"225":{"start":{"line":622,"column":4},"end":{"line":622,"column":89}},"226":{"start":{"line":625,"column":2},"end":{"line":625,"column":41}},"227":{"start":{"line":634,"column":17},"end":{"line":634,"column":40}},"228":{"start":{"line":635,"column":57},"end":{"line":635,"column":59}},"229":{"start":{"line":637,"column":2},"end":{"line":654,"column":3}},"230":{"start":{"line":638,"column":4},"end":{"line":638,"column":51}},"231":{"start":{"line":638,"column":42},"end":{"line":638,"column":51}},"232":{"start":{"line":640,"column":4},"end":{"line":653,"column":5}},"233":{"start":{"line":641,"column":49},"end":{"line":644,"column":null}},"234":{"start":{"line":646,"column":6},"end":{"line":652,"column":9}},"235":{"start":{"line":656,"column":2},"end":{"line":656,"column":41}},"236":{"start":{"line":675,"column":17},"end":{"line":675,"column":40}},"237":{"start":{"line":676,"column":57},"end":{"line":676,"column":59}},"238":{"start":{"line":679,"column":19},"end":{"line":679,"column":75}},"239":{"start":{"line":679,"column":43},"end":{"line":679,"column":74}},"240":{"start":{"line":680,"column":2},"end":{"line":695,"column":3}},"241":{"start":{"line":681,"column":4},"end":{"line":694,"column":5}},"242":{"start":{"line":682,"column":49},"end":{"line":685,"column":null}},"243":{"start":{"line":687,"column":6},"end":{"line":693,"column":9}},"244":{"start":{"line":700,"column":2},"end":{"line":700,"column":41}},"245":{"start":{"line":710,"column":2},"end":{"line":713,"column":3}},"246":{"start":{"line":711,"column":30},"end":{"line":711,"column":87}},"247":{"start":{"line":711,"column":57},"end":{"line":711,"column":86}},"248":{"start":{"line":712,"column":4},"end":{"line":712,"column":56}},"249":{"start":{"line":714,"column":2},"end":{"line":714,"column":12}},"250":{"start":{"line":726,"column":2},"end":{"line":726,"column":69}},"251":{"start":{"line":726,"column":39},"end":{"line":726,"column":67}},"252":{"start":{"line":738,"column":2},"end":{"line":742,"column":3}},"253":{"start":{"line":739,"column":4},"end":{"line":741,"column":6}},"254":{"start":{"line":740,"column":55},"end":{"line":740,"column":83}},"255":{"start":{"line":743,"column":2},"end":{"line":743,"column":43}},"256":{"start":{"line":751,"column":17},"end":{"line":751,"column":40}},"257":{"start":{"line":752,"column":57},"end":{"line":752,"column":59}},"258":{"start":{"line":756,"column":2},"end":{"line":762,"column":3}},"259":{"start":{"line":756,"column":75},"end":{"line":756,"column":92}},"260":{"start":{"line":757,"column":4},"end":{"line":761,"column":6}},"261":{"start":{"line":765,"column":2},"end":{"line":767,"column":3}},"262":{"start":{"line":766,"column":4},"end":{"line":766,"column":67}},"263":{"start":{"line":770,"column":2},"end":{"line":783,"column":3}},"264":{"start":{"line":771,"column":47},"end":{"line":774,"column":null}},"265":{"start":{"line":776,"column":4},"end":{"line":782,"column":7}},"266":{"start":{"line":786,"column":2},"end":{"line":786,"column":35}},"267":{"start":{"line":789,"column":2},"end":{"line":792,"column":3}},"268":{"start":{"line":790,"column":21},"end":{"line":790,"column":79}},"269":{"start":{"line":790,"column":48},"end":{"line":790,"column":78}},"270":{"start":{"line":791,"column":4},"end":{"line":791,"column":54}},"271":{"start":{"line":791,"column":18},"end":{"line":791,"column":54}},"272":{"start":{"line":795,"column":2},"end":{"line":817,"column":3}},"273":{"start":{"line":796,"column":21},"end":{"line":796,"column":81}},"274":{"start":{"line":796,"column":54},"end":{"line":796,"column":80}},"275":{"start":{"line":797,"column":4},"end":{"line":814,"column":5}},"276":{"start":{"line":798,"column":79},"end":{"line":799,"column":null}},"277":{"start":{"line":801,"column":6},"end":{"line":805,"column":9}},"278":{"start":{"line":806,"column":80},"end":{"line":807,"column":null}},"279":{"start":{"line":809,"column":6},"end":{"line":813,"column":9}},"280":{"start":{"line":816,"column":4},"end":{"line":816,"column":105}},"281":{"start":{"line":816,"column":62},"end":{"line":816,"column":103}},"282":{"start":{"line":820,"column":2},"end":{"line":822,"column":3}},"283":{"start":{"line":821,"column":4},"end":{"line":821,"column":97}},"284":{"start":{"line":821,"column":62},"end":{"line":821,"column":95}},"285":{"start":{"line":824,"column":2},"end":{"line":824,"column":41}},"286":{"start":{"line":838,"column":17},"end":{"line":838,"column":40}},"287":{"start":{"line":839,"column":19},"end":{"line":839,"column":78}},"288":{"start":{"line":839,"column":61},"end":{"line":839,"column":77}},"289":{"start":{"line":841,"column":2},"end":{"line":847,"column":3}},"290":{"start":{"line":842,"column":4},"end":{"line":846,"column":6}},"291":{"start":{"line":849,"column":16},"end":{"line":849,"column":50}},"292":{"start":{"line":852,"column":2},"end":{"line":860,"column":3}},"293":{"start":{"line":852,"column":59},"end":{"line":852,"column":83}},"294":{"start":{"line":853,"column":25},"end":{"line":853,"column":87}},"295":{"start":{"line":853,"column":62},"end":{"line":853,"column":86}},"296":{"start":{"line":854,"column":22},"end":{"line":854,"column":60}},"297":{"start":{"line":855,"column":4},"end":{"line":859,"column":6}},"298":{"start":{"line":862,"column":57},"end":{"line":862,"column":59}},"299":{"start":{"line":865,"column":2},"end":{"line":878,"column":3}},"300":{"start":{"line":866,"column":47},"end":{"line":869,"column":null}},"301":{"start":{"line":871,"column":4},"end":{"line":877,"column":7}},"302":{"start":{"line":881,"column":2},"end":{"line":881,"column":87}},"303":{"start":{"line":881,"column":71},"end":{"line":881,"column":85}},"304":{"start":{"line":882,"column":2},"end":{"line":882,"column":35}},"305":{"start":{"line":884,"column":2},"end":{"line":884,"column":41}},"306":{"start":{"line":894,"column":17},"end":{"line":894,"column":40}},"307":{"start":{"line":895,"column":57},"end":{"line":895,"column":59}},"308":{"start":{"line":898,"column":23},"end":{"line":898,"column":96}},"309":{"start":{"line":898,"column":56},"end":{"line":898,"column":95}},"310":{"start":{"line":899,"column":21},"end":{"line":899,"column":58}},"311":{"start":{"line":899,"column":46},"end":{"line":899,"column":57}},"312":{"start":{"line":901,"column":2},"end":{"line":911,"column":3}},"313":{"start":{"line":902,"column":4},"end":{"line":908,"column":7}},"314":{"start":{"line":909,"column":4},"end":{"line":909,"column":90}},"315":{"start":{"line":910,"column":4},"end":{"line":910,"column":43}},"316":{"start":{"line":913,"column":2},"end":{"line":922,"column":3}},"317":{"start":{"line":914,"column":47},"end":{"line":915,"column":null}},"318":{"start":{"line":917,"column":4},"end":{"line":921,"column":7}},"319":{"start":{"line":924,"column":2},"end":{"line":924,"column":88}},"320":{"start":{"line":925,"column":2},"end":{"line":925,"column":41}},"321":{"start":{"line":943,"column":17},"end":{"line":943,"column":40}},"322":{"start":{"line":944,"column":31},"end":{"line":944,"column":56}},"323":{"start":{"line":945,"column":33},"end":{"line":945,"column":57}},"324":{"start":{"line":946,"column":16},"end":{"line":946,"column":37}},"325":{"start":{"line":953,"column":2},"end":{"line":957,"column":3}},"326":{"start":{"line":954,"column":21},"end":{"line":954,"column":59}},"327":{"start":{"line":955,"column":4},"end":{"line":955,"column":60}},"328":{"start":{"line":956,"column":4},"end":{"line":956,"column":55}},"329":{"start":{"line":959,"column":2},"end":{"line":961,"column":3}},"330":{"start":{"line":960,"column":4},"end":{"line":960,"column":26}},"331":{"start":{"line":963,"column":2},"end":{"line":972,"column":4}},"332":{"start":{"line":983,"column":2},"end":{"line":1006,"column":3}},"333":{"start":{"line":984,"column":4},"end":{"line":984,"column":33}},"334":{"start":{"line":984,"column":24},"end":{"line":984,"column":33}},"335":{"start":{"line":988,"column":6},"end":{"line":989,"column":77}},"336":{"start":{"line":988,"column":69},"end":{"line":988,"column":74}},"337":{"start":{"line":989,"column":68},"end":{"line":989,"column":73}},"338":{"start":{"line":991,"column":21},"end":{"line":991,"column":81}},"339":{"start":{"line":991,"column":54},"end":{"line":991,"column":80}},"340":{"start":{"line":992,"column":4},"end":{"line":992,"column":49}},"341":{"start":{"line":992,"column":18},"end":{"line":992,"column":49}},"342":{"start":{"line":995,"column":4},"end":{"line":995,"column":56}},"343":{"start":{"line":999,"column":4},"end":{"line":1001,"column":6}},"344":{"start":{"line":1000,"column":13},"end":{"line":1000,"column":72}},"345":{"start":{"line":1004,"column":4},"end":{"line":1004,"column":30}},"346":{"start":{"line":1005,"column":4},"end":{"line":1005,"column":35}},"347":{"start":{"line":1008,"column":2},"end":{"line":1008,"column":22}},"348":{"start":{"line":1009,"column":2},"end":{"line":1009,"column":21}},"349":{"start":{"line":1010,"column":2},"end":{"line":1010,"column":23}},"350":{"start":{"line":1016,"column":19},"end":{"line":1016,"column":20}},"351":{"start":{"line":1017,"column":2},"end":{"line":1028,"column":3}},"352":{"start":{"line":1018,"column":4},"end":{"line":1018,"column":55}},"353":{"start":{"line":1021,"column":4},"end":{"line":1021,"column":23}},"354":{"start":{"line":1022,"column":4},"end":{"line":1026,"column":5}},"355":{"start":{"line":1024,"column":6},"end":{"line":1024,"column":27}},"356":{"start":{"line":1025,"column":6},"end":{"line":1025,"column":24}},"357":{"start":{"line":1027,"column":4},"end":{"line":1027,"column":23}},"358":{"start":{"line":1047,"column":17},"end":{"line":1047,"column":40}},"359":{"start":{"line":1048,"column":19},"end":{"line":1048,"column":70}},"360":{"start":{"line":1049,"column":57},"end":{"line":1049,"column":59}},"361":{"start":{"line":1051,"column":2},"end":{"line":1053,"column":3}},"362":{"start":{"line":1052,"column":4},"end":{"line":1052,"column":39}},"363":{"start":{"line":1055,"column":15},"end":{"line":1055,"column":46}},"364":{"start":{"line":1057,"column":20},"end":{"line":1057,"column":89}},"365":{"start":{"line":1058,"column":2},"end":{"line":1058,"column":85}},"366":{"start":{"line":1059,"column":2},"end":{"line":1059,"column":89}},"367":{"start":{"line":1061,"column":2},"end":{"line":1061,"column":37}},"368":{"start":{"line":1074,"column":17},"end":{"line":1074,"column":30}},"369":{"start":{"line":1075,"column":24},"end":{"line":1075,"column":45}},"370":{"start":{"line":1077,"column":2},"end":{"line":1086,"column":3}},"371":{"start":{"line":1079,"column":31},"end":{"line":1079,"column":79}},"372":{"start":{"line":1080,"column":4},"end":{"line":1085,"column":5}},"373":{"start":{"line":1081,"column":6},"end":{"line":1081,"column":53}},"374":{"start":{"line":1083,"column":20},"end":{"line":1083,"column":58}},"375":{"start":{"line":1084,"column":6},"end":{"line":1084,"column":24}},"376":{"start":{"line":1088,"column":2},"end":{"line":1088,"column":18}},"377":{"start":{"line":1094,"column":33},"end":{"line":1094,"column":35}},"378":{"start":{"line":1095,"column":2},"end":{"line":1103,"column":3}},"379":{"start":{"line":1096,"column":4},"end":{"line":1096,"column":39}},"380":{"start":{"line":1096,"column":30},"end":{"line":1096,"column":39}},"381":{"start":{"line":1097,"column":24},"end":{"line":1098,"column":null}},"382":{"start":{"line":1098,"column":13},"end":{"line":1098,"column":53}},"383":{"start":{"line":1100,"column":4},"end":{"line":1102,"column":5}},"384":{"start":{"line":1101,"column":6},"end":{"line":1101,"column":32}},"385":{"start":{"line":1104,"column":2},"end":{"line":1104,"column":17}}},"fnMap":{"0":{"name":"melangerTableau","decl":{"start":{"line":59,"column":9},"end":{"line":59,"column":24}},"loc":{"start":{"line":59,"column":36},"end":{"line":66,"column":1}}},"1":{"name":"creerBilanVierge","decl":{"start":{"line":68,"column":9},"end":{"line":68,"column":25}},"loc":{"start":{"line":68,"column":25},"end":{"line":79,"column":1}}},"2":{"name":"creerCompteResultatVierge","decl":{"start":{"line":81,"column":9},"end":{"line":81,"column":34}},"loc":{"start":{"line":81,"column":34},"end":{"line":99,"column":1}}},"3":{"name":"makePush","decl":{"start":{"line":102,"column":9},"end":{"line":102,"column":17}},"loc":{"start":{"line":104,"column":48},"end":{"line":116,"column":1}}},"4":{"name":"(anonymous_4)","decl":{"start":{"line":106,"column":9},"end":{"line":106,"column":10}},"loc":{"start":{"line":106,"column":76},"end":{"line":115,"column":3}}},"5":{"name":"appliquerDeltaPoste","decl":{"start":{"line":119,"column":9},"end":{"line":119,"column":28}},"loc":{"start":{"line":122,"column":15},"end":{"line":184,"column":1}}},"6":{"name":"(anonymous_6)","decl":{"start":{"line":156,"column":25},"end":{"line":156,"column":26}},"loc":{"start":{"line":156,"column":32},"end":{"line":156,"column":66}}},"7":{"name":"(anonymous_7)","decl":{"start":{"line":159,"column":53},"end":{"line":159,"column":54}},"loc":{"start":{"line":159,"column":60},"end":{"line":159,"column":93}}},"8":{"name":"(anonymous_8)","decl":{"start":{"line":167,"column":33},"end":{"line":167,"column":34}},"loc":{"start":{"line":167,"column":40},"end":{"line":167,"column":61}}},"9":{"name":"(anonymous_9)","decl":{"start":{"line":175,"column":35},"end":{"line":175,"column":36}},"loc":{"start":{"line":175,"column":42},"end":{"line":175,"column":63}}},"10":{"name":"creerJoueur","decl":{"start":{"line":188,"column":16},"end":{"line":188,"column":27}},"loc":{"start":{"line":191,"column":30},"end":{"line":254,"column":1}}},"11":{"name":"(anonymous_11)","decl":{"start":{"line":193,"column":36},"end":{"line":193,"column":37}},"loc":{"start":{"line":193,"column":43},"end":{"line":193,"column":66}}},"12":{"name":"(anonymous_12)","decl":{"start":{"line":199,"column":37},"end":{"line":199,"column":38}},"loc":{"start":{"line":199,"column":45},"end":{"line":207,"column":4}}},"13":{"name":"(anonymous_13)","decl":{"start":{"line":210,"column":39},"end":{"line":210,"column":40}},"loc":{"start":{"line":210,"column":47},"end":{"line":218,"column":4}}},"14":{"name":"(anonymous_14)","decl":{"start":{"line":230,"column":36},"end":{"line":230,"column":37}},"loc":{"start":{"line":230,"column":43},"end":{"line":230,"column":51}}},"15":{"name":"(anonymous_15)","decl":{"start":{"line":231,"column":38},"end":{"line":231,"column":39}},"loc":{"start":{"line":231,"column":45},"end":{"line":231,"column":53}}},"16":{"name":"(anonymous_16)","decl":{"start":{"line":237,"column":20},"end":{"line":237,"column":23}},"loc":{"start":{"line":237,"column":25},"end":{"line":241,"column":5}}},"17":{"name":"(anonymous_17)","decl":{"start":{"line":238,"column":45},"end":{"line":238,"column":46}},"loc":{"start":{"line":238,"column":52},"end":{"line":238,"column":88}}},"18":{"name":"(anonymous_18)","decl":{"start":{"line":245,"column":20},"end":{"line":245,"column":23}},"loc":{"start":{"line":245,"column":25},"end":{"line":248,"column":5}}},"19":{"name":"(anonymous_19)","decl":{"start":{"line":246,"column":37},"end":{"line":246,"column":38}},"loc":{"start":{"line":246,"column":44},"end":{"line":246,"column":73}}},"20":{"name":"(anonymous_21)","decl":{"start":{"line":260,"column":34},"end":{"line":260,"column":35}},"loc":{"start":{"line":261,"column":4},"end":{"line":261,"column":49}}},"21":{"name":"(anonymous_22)","decl":{"start":{"line":273,"column":29},"end":{"line":273,"column":30}},"loc":{"start":{"line":273,"column":36},"end":{"line":273,"column":64}}},"22":{"name":"appliquerEtape0","decl":{"start":{"line":285,"column":16},"end":{"line":285,"column":31}},"loc":{"start":{"line":287,"column":19},"end":{"line":454,"column":1}}},"23":{"name":"(anonymous_24)","decl":{"start":{"line":312,"column":50},"end":{"line":312,"column":51}},"loc":{"start":{"line":312,"column":57},"end":{"line":312,"column":83}}},"24":{"name":"(anonymous_25)","decl":{"start":{"line":375,"column":45},"end":{"line":375,"column":46}},"loc":{"start":{"line":375,"column":52},"end":{"line":375,"column":78}}},"25":{"name":"(anonymous_26)","decl":{"start":{"line":399,"column":4},"end":{"line":399,"column":5}},"loc":{"start":{"line":399,"column":11},"end":{"line":399,"column":60}}},"26":{"name":"(anonymous_27)","decl":{"start":{"line":402,"column":48},"end":{"line":402,"column":49}},"loc":{"start":{"line":402,"column":58},"end":{"line":402,"column":70}}},"27":{"name":"(anonymous_28)","decl":{"start":{"line":405,"column":30},"end":{"line":405,"column":31}},"loc":{"start":{"line":405,"column":39},"end":{"line":407,"column":5}}},"28":{"name":"(anonymous_29)","decl":{"start":{"line":409,"column":48},"end":{"line":409,"column":49}},"loc":{"start":{"line":409,"column":58},"end":{"line":409,"column":70}}},"29":{"name":"appliquerAchatMarchandises","decl":{"start":{"line":458,"column":16},"end":{"line":458,"column":42}},"loc":{"start":{"line":462,"column":39},"end":{"line":484,"column":1}}},"30":{"name":"appliquerAvancementCreances","decl":{"start":{"line":488,"column":16},"end":{"line":488,"column":43}},"loc":{"start":{"line":490,"column":19},"end":{"line":533,"column":1}}},"31":{"name":"(anonymous_32)","decl":{"start":{"line":497,"column":51},"end":{"line":497,"column":52}},"loc":{"start":{"line":497,"column":58},"end":{"line":497,"column":88}}},"32":{"name":"calculerCoutCommerciaux","decl":{"start":{"line":537,"column":16},"end":{"line":537,"column":39}},"loc":{"start":{"line":537,"column":54},"end":{"line":546,"column":1}}},"33":{"name":"(anonymous_34)","decl":{"start":{"line":539,"column":12},"end":{"line":539,"column":13}},"loc":{"start":{"line":539,"column":19},"end":{"line":539,"column":47}}},"34":{"name":"(anonymous_35)","decl":{"start":{"line":540,"column":12},"end":{"line":540,"column":13}},"loc":{"start":{"line":540,"column":23},"end":{"line":545,"column":5}}},"35":{"name":"(anonymous_36)","decl":{"start":{"line":542,"column":16},"end":{"line":542,"column":17}},"loc":{"start":{"line":542,"column":23},"end":{"line":542,"column":53}}},"36":{"name":"(anonymous_37)","decl":{"start":{"line":543,"column":16},"end":{"line":543,"column":17}},"loc":{"start":{"line":543,"column":26},"end":{"line":543,"column":47}}},"37":{"name":"appliquerPaiementCommerciaux","decl":{"start":{"line":548,"column":16},"end":{"line":548,"column":44}},"loc":{"start":{"line":550,"column":19},"end":{"line":563,"column":1}}},"38":{"name":"appliquerCarteClient","decl":{"start":{"line":575,"column":16},"end":{"line":575,"column":36}},"loc":{"start":{"line":578,"column":26},"end":{"line":626,"column":1}}},"39":{"name":"appliquerEffetsRecurrents","decl":{"start":{"line":630,"column":16},"end":{"line":630,"column":41}},"loc":{"start":{"line":632,"column":19},"end":{"line":657,"column":1}}},"40":{"name":"appliquerSpecialiteEntreprise","decl":{"start":{"line":671,"column":16},"end":{"line":671,"column":45}},"loc":{"start":{"line":673,"column":19},"end":{"line":701,"column":1}}},"41":{"name":"(anonymous_42)","decl":{"start":{"line":679,"column":36},"end":{"line":679,"column":37}},"loc":{"start":{"line":679,"column":43},"end":{"line":679,"column":74}}},"42":{"name":"genererClientsSpecialite","decl":{"start":{"line":709,"column":16},"end":{"line":709,"column":40}},"loc":{"start":{"line":709,"column":55},"end":{"line":715,"column":1}}},"43":{"name":"(anonymous_44)","decl":{"start":{"line":711,"column":50},"end":{"line":711,"column":51}},"loc":{"start":{"line":711,"column":57},"end":{"line":711,"column":86}}},"44":{"name":"obtenirCarteRecrutement","decl":{"start":{"line":725,"column":16},"end":{"line":725,"column":39}},"loc":{"start":{"line":725,"column":74},"end":{"line":727,"column":1}}},"45":{"name":"(anonymous_46)","decl":{"start":{"line":726,"column":32},"end":{"line":726,"column":33}},"loc":{"start":{"line":726,"column":39},"end":{"line":726,"column":67}}},"46":{"name":"tirerCartesDecision","decl":{"start":{"line":736,"column":16},"end":{"line":736,"column":35}},"loc":{"start":{"line":736,"column":65},"end":{"line":744,"column":1}}},"47":{"name":"(anonymous_48)","decl":{"start":{"line":740,"column":48},"end":{"line":740,"column":49}},"loc":{"start":{"line":740,"column":55},"end":{"line":740,"column":83}}},"48":{"name":"acheterCarteDecision","decl":{"start":{"line":746,"column":16},"end":{"line":746,"column":36}},"loc":{"start":{"line":749,"column":22},"end":{"line":825,"column":1}}},"49":{"name":"(anonymous_50)","decl":{"start":{"line":756,"column":68},"end":{"line":756,"column":69}},"loc":{"start":{"line":756,"column":75},"end":{"line":756,"column":92}}},"50":{"name":"(anonymous_51)","decl":{"start":{"line":790,"column":41},"end":{"line":790,"column":42}},"loc":{"start":{"line":790,"column":48},"end":{"line":790,"column":78}}},"51":{"name":"(anonymous_52)","decl":{"start":{"line":796,"column":47},"end":{"line":796,"column":48}},"loc":{"start":{"line":796,"column":54},"end":{"line":796,"column":80}}},"52":{"name":"(anonymous_53)","decl":{"start":{"line":816,"column":55},"end":{"line":816,"column":56}},"loc":{"start":{"line":816,"column":62},"end":{"line":816,"column":103}}},"53":{"name":"(anonymous_54)","decl":{"start":{"line":821,"column":55},"end":{"line":821,"column":56}},"loc":{"start":{"line":821,"column":62},"end":{"line":821,"column":95}}},"54":{"name":"investirCartePersonnelle","decl":{"start":{"line":833,"column":16},"end":{"line":833,"column":40}},"loc":{"start":{"line":836,"column":17},"end":{"line":885,"column":1}}},"55":{"name":"(anonymous_56)","decl":{"start":{"line":839,"column":54},"end":{"line":839,"column":55}},"loc":{"start":{"line":839,"column":61},"end":{"line":839,"column":77}}},"56":{"name":"(anonymous_57)","decl":{"start":{"line":852,"column":52},"end":{"line":852,"column":53}},"loc":{"start":{"line":852,"column":59},"end":{"line":852,"column":83}}},"57":{"name":"(anonymous_58)","decl":{"start":{"line":853,"column":55},"end":{"line":853,"column":56}},"loc":{"start":{"line":853,"column":62},"end":{"line":853,"column":86}}},"58":{"name":"(anonymous_59)","decl":{"start":{"line":881,"column":61},"end":{"line":881,"column":62}},"loc":{"start":{"line":881,"column":71},"end":{"line":881,"column":85}}},"59":{"name":"appliquerCarteEvenement","decl":{"start":{"line":889,"column":16},"end":{"line":889,"column":39}},"loc":{"start":{"line":892,"column":23},"end":{"line":926,"column":1}}},"60":{"name":"(anonymous_61)","decl":{"start":{"line":898,"column":49},"end":{"line":898,"column":50}},"loc":{"start":{"line":898,"column":56},"end":{"line":898,"column":95}}},"61":{"name":"(anonymous_62)","decl":{"start":{"line":899,"column":39},"end":{"line":899,"column":40}},"loc":{"start":{"line":899,"column":46},"end":{"line":899,"column":57}}},"62":{"name":"verifierFinTour","decl":{"start":{"line":939,"column":16},"end":{"line":939,"column":31}},"loc":{"start":{"line":941,"column":19},"end":{"line":973,"column":1}}},"63":{"name":"cloturerAnnee","decl":{"start":{"line":982,"column":16},"end":{"line":982,"column":29}},"loc":{"start":{"line":982,"column":43},"end":{"line":1011,"column":1}}},"64":{"name":"(anonymous_65)","decl":{"start":{"line":988,"column":59},"end":{"line":988,"column":60}},"loc":{"start":{"line":988,"column":69},"end":{"line":988,"column":74}}},"65":{"name":"(anonymous_66)","decl":{"start":{"line":989,"column":58},"end":{"line":989,"column":59}},"loc":{"start":{"line":989,"column":68},"end":{"line":989,"column":73}}},"66":{"name":"(anonymous_67)","decl":{"start":{"line":991,"column":47},"end":{"line":991,"column":48}},"loc":{"start":{"line":991,"column":54},"end":{"line":991,"column":80}}},"67":{"name":"(anonymous_68)","decl":{"start":{"line":1000,"column":6},"end":{"line":1000,"column":7}},"loc":{"start":{"line":1000,"column":13},"end":{"line":1000,"column":72}}},"68":{"name":"avancerEtape","decl":{"start":{"line":1015,"column":16},"end":{"line":1015,"column":28}},"loc":{"start":{"line":1015,"column":42},"end":{"line":1029,"column":1}}},"69":{"name":"demanderEmprunt","decl":{"start":{"line":1042,"column":16},"end":{"line":1042,"column":31}},"loc":{"start":{"line":1045,"column":17},"end":{"line":1062,"column":1}}},"70":{"name":"calculerCapaciteLogistique","decl":{"start":{"line":1073,"column":16},"end":{"line":1073,"column":42}},"loc":{"start":{"line":1073,"column":57},"end":{"line":1089,"column":1}}},"71":{"name":"genererClientsParCommerciaux","decl":{"start":{"line":1093,"column":16},"end":{"line":1093,"column":44}},"loc":{"start":{"line":1093,"column":59},"end":{"line":1105,"column":1}}},"72":{"name":"(anonymous_73)","decl":{"start":{"line":1098,"column":6},"end":{"line":1098,"column":7}},"loc":{"start":{"line":1098,"column":13},"end":{"line":1098,"column":53}}}},"branchMap":{"0":{"loc":{"start":{"line":131,"column":2},"end":{"line":135,"column":3}},"type":"if","locations":[{"start":{"line":131,"column":2},"end":{"line":135,"column":3}}]},"1":{"loc":{"start":{"line":138,"column":2},"end":{"line":142,"column":3}},"type":"if","locations":[{"start":{"line":138,"column":2},"end":{"line":142,"column":3}}]},"2":{"loc":{"start":{"line":145,"column":2},"end":{"line":149,"column":3}},"type":"if","locations":[{"start":{"line":145,"column":2},"end":{"line":149,"column":3}}]},"3":{"loc":{"start":{"line":145,"column":6},"end":{"line":145,"column":56}},"type":"binary-expr","locations":[{"start":{"line":145,"column":6},"end":{"line":145,"column":20}},{"start":{"line":145,"column":24},"end":{"line":145,"column":56}}]},"4":{"loc":{"start":{"line":154,"column":2},"end":{"line":165,"column":3}},"type":"if","locations":[{"start":{"line":154,"column":2},"end":{"line":165,"column":3}}]},"5":{"loc":{"start":{"line":155,"column":22},"end":{"line":157,"column":17}},"type":"cond-expr","locations":[{"start":{"line":156,"column":8},"end":{"line":156,"column":67}},{"start":{"line":157,"column":8},"end":{"line":157,"column":17}}]},"6":{"loc":{"start":{"line":159,"column":4},"end":{"line":159,"column":95}},"type":"if","locations":[{"start":{"line":159,"column":4},"end":{"line":159,"column":95}}]},"7":{"loc":{"start":{"line":160,"column":4},"end":{"line":164,"column":5}},"type":"if","locations":[{"start":{"line":160,"column":4},"end":{"line":164,"column":5}}]},"8":{"loc":{"start":{"line":168,"column":2},"end":{"line":172,"column":3}},"type":"if","locations":[{"start":{"line":168,"column":2},"end":{"line":172,"column":3}}]},"9":{"loc":{"start":{"line":170,"column":19},"end":{"line":170,"column":82}},"type":"cond-expr","locations":[{"start":{"line":170,"column":44},"end":{"line":170,"column":55}},{"start":{"line":170,"column":58},"end":{"line":170,"column":82}}]},"10":{"loc":{"start":{"line":176,"column":2},"end":{"line":180,"column":3}},"type":"if","locations":[{"start":{"line":176,"column":2},"end":{"line":180,"column":3}}]},"11":{"loc":{"start":{"line":194,"column":2},"end":{"line":194,"column":75}},"type":"if","locations":[{"start":{"line":194,"column":2},"end":{"line":194,"column":75}}]},"12":{"loc":{"start":{"line":202,"column":15},"end":{"line":206,"column":25}},"type":"cond-expr","locations":[{"start":{"line":203,"column":8},"end":{"line":203,"column":20}},{"start":{"line":204,"column":8},"end":{"line":206,"column":25}}]},"13":{"loc":{"start":{"line":204,"column":8},"end":{"line":206,"column":25}},"type":"cond-expr","locations":[{"start":{"line":205,"column":8},"end":{"line":205,"column":16}},{"start":{"line":206,"column":8},"end":{"line":206,"column":25}}]},"14":{"loc":{"start":{"line":213,"column":15},"end":{"line":217,"column":16}},"type":"cond-expr","locations":[{"start":{"line":214,"column":8},"end":{"line":214,"column":18}},{"start":{"line":215,"column":8},"end":{"line":217,"column":16}}]},"15":{"loc":{"start":{"line":213,"column":15},"end":{"line":213,"column":98}},"type":"binary-expr","locations":[{"start":{"line":213,"column":15},"end":{"line":213,"column":55}},{"start":{"line":213,"column":59},"end":{"line":213,"column":98}}]},"16":{"loc":{"start":{"line":215,"column":8},"end":{"line":217,"column":16}},"type":"cond-expr","locations":[{"start":{"line":216,"column":8},"end":{"line":216,"column":18}},{"start":{"line":217,"column":8},"end":{"line":217,"column":16}}]},"17":{"loc":{"start":{"line":239,"column":19},"end":{"line":239,"column":105}},"type":"cond-expr","locations":[{"start":{"line":239,"column":31},"end":{"line":239,"column":100}},{"start":{"line":239,"column":103},"end":{"line":239,"column":105}}]},"18":{"loc":{"start":{"line":240,"column":27},"end":{"line":240,"column":65}},"type":"binary-expr","locations":[{"start":{"line":240,"column":27},"end":{"line":240,"column":59}},{"start":{"line":240,"column":63},"end":{"line":240,"column":65}}]},"19":{"loc":{"start":{"line":247,"column":13},"end":{"line":247,"column":31}},"type":"cond-expr","locations":[{"start":{"line":247,"column":18},"end":{"line":247,"column":26}},{"start":{"line":247,"column":29},"end":{"line":247,"column":31}}]},"20":{"loc":{"start":{"line":252,"column":23},"end":{"line":252,"column":66}},"type":"binary-expr","locations":[{"start":{"line":252,"column":23},"end":{"line":252,"column":60}},{"start":{"line":252,"column":64},"end":{"line":252,"column":66}}]},"21":{"loc":{"start":{"line":258,"column":2},"end":{"line":258,"column":25}},"type":"default-arg","locations":[{"start":{"line":258,"column":23},"end":{"line":258,"column":25}}]},"22":{"loc":{"start":{"line":296,"column":2},"end":{"line":308,"column":3}},"type":"if","locations":[{"start":{"line":296,"column":2},"end":{"line":308,"column":3}}]},"23":{"loc":{"start":{"line":313,"column":2},"end":{"line":325,"column":3}},"type":"if","locations":[{"start":{"line":313,"column":2},"end":{"line":325,"column":3}}]},"24":{"loc":{"start":{"line":313,"column":6},"end":{"line":313,"column":100}},"type":"binary-expr","locations":[{"start":{"line":313,"column":6},"end":{"line":313,"column":19}},{"start":{"line":313,"column":23},"end":{"line":313,"column":47}},{"start":{"line":313,"column":51},"end":{"line":313,"column":100}}]},"25":{"loc":{"start":{"line":328,"column":2},"end":{"line":353,"column":3}},"type":"if","locations":[{"start":{"line":328,"column":2},"end":{"line":353,"column":3}}]},"26":{"loc":{"start":{"line":332,"column":4},"end":{"line":352,"column":5}},"type":"if","locations":[{"start":{"line":332,"column":4},"end":{"line":352,"column":5}},{"st
[...]
":399,"column":44}},{"start":{"line":399,"column":48},"end":{"line":399,"column":60}}]},"33":{"loc":{"start":{"line":401,"column":2},"end":{"line":427,"column":3}},"type":"if","locations":[{"start":{"line":401,"column":2},"end":{"line":427,"column":3}}]},"34":{"loc":{"start":{"line":431,"column":2},"end":{"line":439,"column":3}},"type":"if","locations":[{"start":{"line":431,"column":2},"end":{"line":439,"column":3}}]},"35":{"loc":{"start":{"line":442,"column":2},"end":{"line":451,"column":3}},"type":"if","locations":[{"start":{"line":442,"column":2},"end":{"line":451,"column":3}}]},"36":{"loc":{"start":{"line":467,"column":2},"end":{"line":467,"column":60}},"type":"if","locations":[{"start":{"line":467,"column":2},"end":{"line":467,"column":60}}]},"37":{"loc":{"start":{"line":477,"column":2},"end":{"line":481,"column":3}},"type":"if","locations":[{"start":{"line":477,"column":2},"end":{"line":481,"column":3}},{"start":{"line":479,"column":9},"end":{"line":481,"column":3}}]},"38":{"loc":{"start":{"line":499,"column":2},"end":{"line":519,"column":3}},"type":"if","locations":[{"start":{"line":499,"column":2},"end":{"line":519,"column":3}},{"start":{"line":508,"column":9},"end":{"line":519,"column":3}}]},"39":{"loc":{"start":{"line":500,"column":4},"end":{"line":503,"column":5}},"type":"if","locations":[{"start":{"line":500,"column":4},"end":{"line":503,"column":5}}]},"40":{"loc":{"start":{"line":504,"column":4},"end":{"line":507,"column":5}},"type":"if","locations":[{"start":{"line":504,"column":4},"end":{"line":507,"column":5}}]},"41":{"loc":{"start":{"line":510,"column":4},"end":{"line":513,"column":5}},"type":"if","locations":[{"start":{"line":510,"column":4},"end":{"line":513,"column":5}}]},"42":{"loc":{"start":{"line":515,"column":4},"end":{"line":518,"column":5}},"type":"if","locations":[{"start":{"line":515,"column":4},"end":{"line":518,"column":5}}]},"43":{"loc":{"start":{"line":522,"column":2},"end":{"line":530,"column":3}},"type":"if","locations":[{"start":{"line":522,"column":2},"end":{"line":530,"column":3}}]},"44":{"loc":{"start":{"line":522,"column":6},"end":{"line":522,"column":74}},"type":"binary-expr","locations":[{"start":{"line":522,"column":6},"end":{"line":522,"column":38}},{"start":{"line":522,"column":42},"end":{"line":522,"column":74}}]},"45":{"loc":{"start":{"line":556,"column":2},"end":{"line":556,"column":57}},"type":"if","locations":[{"start":{"line":556,"column":2},"end":{"line":556,"column":57}}]},"46":{"loc":{"start":{"line":585,"column":2},"end":{"line":592,"column":3}},"type":"if","locations":[{"start":{"line":585,"column":2},"end":{"line":592,"column":3}}]},"47":{"loc":{"start":{"line":607,"column":24},"end":{"line":609,"column":31}},"type":"cond-expr","locations":[{"start":{"line":608,"column":6},"end":{"line":608,"column":61}},{"start":{"line":609,"column":6},"end":{"line":609,"column":31}}]},"48":{"loc":{"start":{"line":611,"column":2},"end":{"line":623,"column":3}},"type":"if","locations":[{"start":{"line":611,"column":2},"end":{"line":623,"column":3}},{"start":{"line":616,"column":9},"end":{"line":623,"column":3}}]},"49":{"loc":{"start":{"line":612,"column":18},"end":{"line":614,"column":56}},"type":"cond-expr","locations":[{"start":{"line":613,"column":8},"end":{"line":613,"column":78}},{"start":{"line":614,"column":8},"end":{"line":614,"column":56}}]},"50":{"loc":{"start":{"line":612,"column":18},"end":{"line":612,"column":96}},"type":"binary-expr","locations":[{"start":{"line":612,"column":18},"end":{"line":612,"column":47}},{"start":{"line":612,"column":51},"end":{"line":612,"column":96}}]},"51":{"loc":{"start":{"line":616,"column":9},"end":{"line":623,"column":3}},"type":"if","locations":[{"start":{"line":616,"column":9},"end":{"line":623,"column":3}},{"start":{"line":621,"column":9},"end":{"line":623,"column":3}}]},"52":{"loc":{"start":{"line":617,"column":18},"end":{"line":619,"column":58}},"type":"cond-expr","locations":[{"start":{"line":618,"column":8},"end":{"line":618,"column":84}},{"start":{"line":619,"column":8},"end":{"line":619,"column":58}}]},"53":{"loc":{"start":{"line":617,"column":18},"end":{"line":617,"column":96}},"type":"binary-expr","locations":[{"start":{"line":617,"column":18},"end":{"line":617,"column":47}},{"start":{"line":617,"column":51},"end":{"line":617,"column":96}}]},"54":{"loc":{"start":{"line":638,"column":4},"end":{"line":638,"column":51}},"type":"if","locations":[{"start":{"line":638,"column":4},"end":{"line":638,"column":51}}]},"55":{"loc":{"start":{"line":680,"column":2},"end":{"line":695,"column":3}},"type":"if","locations":[{"start":{"line":680,"column":2},"end":{"line":695,"column":3}}]},"56":{"loc":{"start":{"line":710,"column":2},"end":{"line":713,"column":3}},"type":"if","locations":[{"start":{"line":710,"column":2},"end":{"line":713,"column":3}}]},"57":{"loc":{"start":{"line":712,"column":11},"end":{"line":712,"column":55}},"type":"cond-expr","locations":[{"start":{"line":712,"column":31},"end":{"line":712,"column":50}},{"start":{"line":712,"column":53},"end":{"line":712,"column":55}}]},"58":{"loc":{"start":{"line":736,"column":51},"end":{"line":736,"column":65}},"type":"default-arg","locations":[{"start":{"line":736,"column":64},"end":{"line":736,"column":65}}]},"59":{"loc":{"start":{"line":738,"column":2},"end":{"line":742,"column":3}},"type":"if","locations":[{"start":{"line":738,"column":2},"end":{"line":742,"column":3}}]},"60":{"loc":{"start":{"line":756,"column":2},"end":{"line":762,"column":3}},"type":"if","locations":[{"start":{"line":756,"column":2},"end":{"line":762,"column":3}}]},"61":{"loc":{"start":{"line":756,"column":6},"end":{"line":756,"column":93}},"type":"binary-expr","locations":[{"start":{"line":756,"column":6},"end":{"line":756,"column":38}},{"start":{"line":756,"column":42},"end":{"line":756,"column":93}}]},"62":{"loc":{"start":{"line":765,"column":2},"end":{"line":767,"column":3}},"type":"if","locations":[{"start":{"line":765,"column":2},"end":{"line":767,"column":3}}]},"63":{"loc":{"start":{"line":789,"column":2},"end":{"line":792,"column":3}},"type":"if","locations":[{"start":{"line":789,"column":2},"end":{"line":792,"column":3}}]},"64":{"loc":{"start":{"line":791,"column":4},"end":{"line":791,"column":54}},"type":"if","locations":[{"start":{"line":791,"column":4},"end":{"line":791,"column":54}}]},"65":{"loc":{"start":{"line":795,"column":2},"end":{"line":817,"column":3}},"type":"if","locations":[{"start":{"line":795,"column":2},"end":{"line":817,"column":3}}]},"66":{"loc":{"start":{"line":797,"column":4},"end":{"line":814,"column":5}},"type":"if","locations":[{"start":{"line":797,"column":4},"end":{"line":814,"column":5}}]},"67":{"loc":{"start":{"line":797,"column":8},"end":{"line":797,"column":39}},"type":"binary-expr","locations":[{"start":{"line":797,"column":8},"end":{"line":797,"column":16}},{"start":{"line":797,"column":20},"end":{"line":797,"column":39}}]},"68":{"loc":{"start":{"line":820,"column":2},"end":{"line":822,"column":3}},"type":"if","locations":[{"start":{"line":820,"column":2},"end":{"line":822,"column":3}}]},"69":{"loc":{"start":{"line":841,"column":2},"end":{"line":847,"column":3}},"type":"if","locations":[{"start":{"line":841,"column":2},"end":{"line":847,"column":3}}]},"70":{"loc":{"start":{"line":852,"column":2},"end":{"line":860,"column":3}},"type":"if","locations":[{"start":{"line":852,"column":2},"end":{"line":860,"column":3}}]},"71":{"loc":{"start":{"line":852,"column":6},"end":{"line":852,"column":84}},"type":"binary-expr","locations":[{"start":{"line":852,"column":6},"end":{"line":852,"column":21}},{"start":{"line":852,"column":25},"end":{"line":852,"column":84}}]},"72":{"loc":{"start":{"line":854,"column":22},"end":{"line":854,"column":60}},"type":"binary-expr","locations":[{"start":{"line":854,"column":22},"end":{"line":854,"column":41}},{"start":{"line":854,"column":45},"end":{"line":854,"column":60}}]},"73":{"loc":{"start":{"line":901,"column":2},"end":{"line":911,"column":3}},"type":"if","locations":[{"start":{"line":901,"column":2},"end":{"line":911,"column":3}}]},"74":{"loc":{"start":{"line":901,"column":6},"end":{"line":901,"column":63}},"type":"binary-expr","locations":[{"start":{"line":901,"column":6},"end":{"line":901,"column":18}},{"start":{"line":901,"column":22},"end":{"line":901,"column":49}},{"start":{"line":901,"column":53},"end":{"line":901,"column":63}}]},"75":{"loc":{"start":{"line":920,"column":39},"end":{"line":920,"column":65}},"type":"cond-expr","locations":[{"start":{"line":920,"column":57},"end":{"line":920,"column":60}},{"start":{"line":920,"column":63},"end":{"line":920,"column":65}}]},"76":{"loc":{"start":{"line":953,"column":2},"end":{"line":957,"column":3}},"type":"if","locations":[{"start":{"line":953,"column":2},"end":{"line":957,"column":3}}]},"77":{"loc":{"start":{"line":959,"column":2},"end":{"line":961,"column":3}},"type":"if","locations":[{"start":{"line":959,"column":2},"end":{"line":961,"column":3}}]},"78":{"loc":{"start":{"line":969,"column":13},"end":{"line":971,"column":91}},"type":"cond-expr","locations":[{"start":{"line":970,"column":8},"end":{"line":970,"column":62}},{"start":{"line":971,"column":8},"end":{"line":971,"column":91}}]},"79":{"loc":{"start":{"line":984,"column":4},"end":{"line":984,"column":33}},"type":"if","locations":[{"start":{"line":984,"column":4},"end":{"line":984,"column":33}}]},"80":{"loc":{"start":{"line":992,"column":4},"end":{"line":992,"column":49}},"type":"if","locations":[{"start":{"line":992,"column":4},"end":{"line":992,"column":49}}]},"81":{"loc":{"start":{"line":1000,"column":13},"end":{"line":1000,"column":72}},"type":"binary-expr","locations":[{"start":{"line":1000,"column":13},"end":{"line":1000,"column":39}},{"start":{"line":1000,"column":43},"end":{"line":1000,"column":72}}]},"82":{"loc":{"start":{"line":1017,"column":2},"end":{"line":1028,"column":3}},"type":"if","locations":[{"start":{"line":1017,"column":2},"end":{"line":1028,"column":3}},{"start":{"line":1019,"column":9},"end":{"line":1028,"column":3}}]},"83":{"loc":{"start":{"line":1022,"column":4},"end":{"line":1026,"column":5}},"type":"if","locations":[{"start":{"line":1022,"column":4},"end":{"line":1026,"column":5}}]},"84":{"loc":{"start":{"line":1051,"column":2},"end":{"line":1053,"column":3}},"type":"if","locations":[{"start":{"line":1051,"column":2},"end":{"line":1053,"column":3}}]},"85":{"loc":{"start":{"line":1057,"column":20},"end":{"line":1057,"column":89}},"type":"cond-expr","locations":[{"start":{"line":1057,"column":42},"end":{"line":1057,"column":63}},{"start":{"line":1057,"column":66},"end":{"line":1057,"column":89}}]},"86":{"loc":{"start":{"line":1080,"column":4},"end":{"line":1085,"column":5}},"type":"if","locations":[{"start":{"line":1080,"column":4},"end":{"line":1085,"column":5}},{"start":{"line":1082,"column":11},"end":{"line":1085,"column":5}}]},"87":{"loc":{"start":{"line":1080,"column":8},"end":{"line":1080,"column":77}},"type":"binary-expr","locations":[{"start":{"line":1080,"column":8},"end":{"line":1080,"column":26}},{"start":{"line":1080,"column":30},"end":{"line":1080,"column":77}}]},"88":{"loc":{"start":{"line":1083,"column":20},"end":{"line":1083,"column":58}},"type":"binary-expr","locations":[{"start":{"line":1083,"column":20},"end":{"line":1083,"column":53}},{"start":{"line":1083,"column":57},"end":{"line":1083,"column":58}}]},"89":{"loc":{"start":{"line":1096,"column":4},"end":{"line":1096,"column":39}},"type":"if","locations":[{"start":{"line":1096,"column":4},"end":{"line":1096,"column":39}}]},"90":{"loc":{"start":{"line":1100,"column":4},"end":{"line":1102,"column":5}},"type":"if","locations":[{"start":{"line":1100,"column":4},"end":{"line":1102,"column":5}}]}},"s":{"0":1,"1":1,"2":1,"3":1,"4":1,"5":1,"6":1,"7":1,"8":1,"9":1,"10":1,"11":1,"12":1,"13":1,"14":1,"15":1,"16":1,"17":1,"18":1,"19":1,"20":1,"21":1,"22":1,"23":1,"24":1,"25":1,"26":1,"27":1,"28":32,"29":32,"30":32,"31":736,"32":736,"33":32,"34":35,"35":35,"36":9,"37":41,"38":41,"39":49,"40":49,"41":49,"42":49,"43":49,"44":49,"45":13,"46":13,"47":13,"48":36,"49":4,"50":4,"51":4,"52":32,"53":5,"54":5,"55":5,"56":27,"57":4,"58":12,"59":4,"60":0,"61":0,"62":4,"63":4,"64":4,"65":4,"66":23,"67":111,"68":23,"69":20,"70":20,"71":20,"72":3,"73":6,"74":3,"75":3,"76":3,"77":3,"78":0,"79":35,"80":47,"81":35,"82":0,"83":35,"84":35,"85":175,"86":35,"87":105,"88":35,"89":175,"90":105,"91":35,"92":35,"93":35,"94":35,"95":35,"96":35,"97":35,"98":16,"99":17,"100":16,"101":608,"102":3,"103":3,"104":3,"105":3,"106":0,"107":0,"108":0,"109":3,"110":6,"111":3,"112":3,"113":3,"114":3,"115":3,"116":0,"117":0,"118":0,"119":0,"120":0,"121":0,"122":0,"123":3,"124":0,"125":0,"126":3,"127":0,"128":0,"129":0,"130":3,"131":0,"132":0,"133":3,"134":6,"135":3,"136":3,"137":3,"138":3,"139":3,"140":3,"141":15,"142":3,"143":3,"144":6,"145":3,"146":6,"147":3,"148":6,"149":3,"150":3,"151":3,"152":3,"153":3,"154":0,"155":0,"156":0,"157":3,"158":0,"159":0,"160":3,"161":0,"162":0,"163":0,"164":0,"165":0,"166":0,"167":0,"168":0,"169":0,"170":0,"171":0,"172":2,"173":2,"174":2,"175":2,"176":2,"177":2,"178":0,"179":0,"180":0,"181":0,"182":0,"183":0,"184":2,"185":1,"186":1,"187":2,"188":1,"189":1,"190":2,"191":1,"192":2,"193":1,"194":1,"195":1,"196":0,"197":0,"198":1,"199":0,"200":0,"201":0,"202":0,"203":0,"204":0,"205":0,"206":0,"207":0,"208":4,"209":4,"210":4,"211":4,"212":4,"213":0,"214":4,"215":4,"216":4,"217":4,"218":4,"219":4,"220":2,"221":2,"222":2,"223":1,"224":1,"225":1,"226":4,"227":0,"228":0,"229":0,"230":0,"231":0,"232":0,"233":0,"234":0,"235":0,"236":0,"237":0,"238":0,"239":0,"240":0,"241":0,"242":0,"243":0,"244":0,"245":0,"246":0,"247":0,"248":0,"249":0,"250":0,"251":0,"252":0,"253":0,"254":0,"255":0,"256":0,"257":0,"258":0,"259":0,"260":0,"261":0,"262":0,"263":0,"264":0,"265":0,"266":0,"267":0,"268":0,"269":0,"270":0,"271":0,"272":0,"273":0,"274":0,"275":0,"276":0,"277":0,"278":0,"279":0,"280":0,"281":0,"282":0,"283":0,"284":0,"285":0,"286":6,"287":6,"288":9,"289":6,"290":1,"291":5,"292":5,"293":3,"294":1,"295":1,"296":1,"297":1,"298":4,"299":4,"300":8,"301":8,"302":4,"303":11,"304":4,"305":4,"306":0,"307":0,"308":0,"309":0,"310":0,"311":0,"312":0,"313":0,"314":0,"315":0,"316":0,"317":0,"318":0,"319":0,"320":0,"321":0,"322":0,"323":0,"324":0,"325":0,"326":0,"327":0,"328":0,"329":0,"330":0,"331":0,"332":0,"333":0,"334":0,"335":0,"336":0,"337":0,"338":0,"339":0,"340":0,"341":0,"342":0,"343":0,"344":0,"345":0,"346":0,"347":0,"348":0,"349":0,"350":0,"351":0,"352":0,"353":0,"354":0,"355":0,"356":0,"357":0,"358":0,"359":0,"360":0,"361":0,"362":0,"363":0,"364":0,"365":0,"366":0,"367":0,"368":4,"369":4,"370":4,"371":8,"372":8,"373":0,"374":8,"375":8,"376":4,"377":1,"378":1,"379":1,"380":0,"381":1,"382":1,"383":1,"384":1,"385":1},"f":{"0":32,"1":35,"2":35,"3":9,"4":41,"5":49,"6":12,"7":0,"8":111,"9":6,"10":35,"11":47,"12":175,"13":105,"14":175,"15":105,"16":35,"17":35,"18":35,"19":35,"20":17,"21":608,"22":3,"23":6,"24":6,"25":15,"26":6,"27":6,"28":6,"29":0,"30":2,"31":2,"32":1,"33":1,"34":1,"35":0,"36":0,"37":0,"38":4,"39":0,"40":0,"41":0,"42":0,"43":0,"44":0,"45":0,"46":0,"47":0,"48":0,"49":0,"50":0,"51":0,"52":0,"53":0,"54":6,"55":9,"56":3,"57":1,"58":11,"59":0,"60":0,"61":0,"62":0,"63":0,"64":0,"65":0,"66":0,"67":0,"68":0,"69":0,"70":4,"71":1,"72":1},"b":{"0":[13],"1":[4],"2":[5],"3":[32,5],"4":[4],"5":[4,0],"6":[0],"7":[4],"8":[20],"9":[16,4],"10":[3],"11":[0],"12":[35,140],"13":[35,105],"14":[35,70],"15":[105,70],"16":[35,35],"17":[35,0],"18":[35,0],"19":[35,0],"20":[35,0],"21":[16],"22":[0],"23":[3],"24":[3,3,3],"25":[0],"26":[0,0],"27":[0],"28":[0],"29":[0],"30":[3],"31":[3,3],"32":[15,9],"33":[3],"34":[0],"35":[0],"36":[0],"37":[0,0],"38":[0,2],"39":[0],"40":[0],"41":[1],"42":[1],"43":[1],"44":[2,1],"45":[0],"46":[0],"47":[0,4],"48":[2,2],"49":[0,2],"50":[2,0],"51":[1,1],"52":[0,1],"53":[1,0],"54":[0],"55":[0],"56":[0],"57":[0,0],"58":[0],"59":[0],"60":[0],"61":[0,0],"62":[0],"63":[0],"64":[0],"65":[0],"66":[0],"67":[0,0],"68":[0],"69":[1],"70":[1],"71":[5,2],"72":[1,0],"73":[0],"74":[0,0,0],"75":[0,0],"76":[0],"77":[0],"78":[0,0],"79":[0],"80":[0],"81":[0,0],"82":[0,0],"83":[0],"84":[0],"85":[0,0],"86":[0,8],"87":[8,0],"88":[8,4],"89":[0],"90":[1]}}
,"/sessions/determined-jolly-davinci/mnt/jedevienspatron-github/packages/game-engine/src/types.ts": {"path":"/sessions/determined-jolly-davinci/mnt/jedevienspatron-github/packages/game-engine/src/types.ts","statementMap":{"0":{"start":{"line":310,"column":13},"end":{"line":310,"column":34}},"1":{"start":{"line":311,"column":13},"end":{"line":311,"column":43}},"2":{"start":{"line":313,"column":13},"end":{"line":313,"column":46}},"3":{"start":{"line":315,"column":13},"end":{"line":315,"column":50}},"4":{"start":{"line":317,"column":13},"end":{"line":317,"column":57}},"5":{"start":{"line":319,"column":13},"end":{"line":319,"column":43}},"6":{"start":{"line":320,"column":13},"end":{"line":320,"column":33}},"7":{"start":{"line":322,"column":13},"end":{"line":322,"column":31}},"8":{"start":{"line":323,"column":13},"end":{"line":323,"column":47}},"9":{"start":{"line":324,"column":13},"end":{"line":324,"column":43}},"10":{"start":{"line":329,"column":13},"end":{"line":329,"column":31}},"11":{"start":{"line":332,"column":13},"end":{"line":396,"column":2}},"12":{"start":{"line":399,"column":13},"end":{"line":412,"column":2}},"13":{"start":{"line":415,"column":13},"end":{"line":415,"column":37}},"14":{"start":{"line":417,"column":13},"end":{"line":417,"column":37}},"15":{"start":{"line":419,"column":13},"end":{"line":419,"column":75}}},"fnMap":{},"branchMap":{},"s":{"0":1,"1":1,"2":1,"3":1,"4":1,"5":1,"6":1,"7":1,"8":1,"9":1,"10":1,"11":1,"12":1,"13":1,"14":1,"15":1},"f":{},"b":{}}
,"/sessions/determined-jolly-davinci/mnt/jedevienspatron-github/packages/game-engine/src/data/cartes.ts": {"path":"/sessions/determined-jolly-davinci/mnt/jedevienspatron-github/packages/game-engine/src/data/cartes.ts","statementMap":{"0":{"start":{"line":10,"column":13},"end":{"line":38,"column":2}},"1":{"start":{"line":43,"column":13},"end":{"line":68,"column":2}},"2":{"start":{"line":72,"column":13},"end":{"line":690,"column":2}},"3":{"start":{"line":694,"column":13},"end":{"line":858,"column":2}},"4":{"start":{"line":864,"column":13},"end":{"line":1031,"column":2}}},"fnMap":{},"branchMap":{},"s":{"0":1,"1":1,"2":1,"3":1,"4":1},"f":{},"b":{}}
,"/sessions/determined-jolly-davinci/mnt/jedevienspatron-github/packages/game-engine/src/data/entreprises.ts": {"path":"/sessions/determined-jolly-davinci/mnt/jedevienspatron-github/packages/game-engine/src/data/entreprises.ts","statementMap":{"0":{"start":{"line":40,"column":0},"end":{"line":40,"column":46}},"1":{"start":{"line":43,"column":12},"end":{"line":43,"column":55}},"2":{"start":{"line":43,"column":43},"end":{"line":43,"column":54}},"3":{"start":{"line":44,"column":2},"end":{"line":44,"column":85}},"4":{"start":{"line":44,"column":10},"end":{"line":44,"column":85}},"5":{"start":{"line":45,"column":2},"end":{"line":45,"column":11}},"6":{"start":{"line":48,"column":13},"end":{"line":199,"column":2}},"7":{"start":{"line":202,"column":13},"end":{"line":204,"column":2}},"8":{"start":{"line":203,"column":28},"end":{"line":203,"column":38}}},"fnMap":{"0":{"name":"carte","decl":{"start":{"line":42,"column":9},"end":{"line":42,"column":14}},"loc":{"start":{"line":42,"column":25},"end":{"line":46,"column":1}}},"1":{"name":"(anonymous_1)","decl":{"start":{"line":43,"column":36},"end":{"line":43,"column":37}},"loc":{"start":{"line":43,"column":43},"end":{"line":43,"column":54}}},"2":{"name":"(anonymous_2)","decl":{"start":{"line":203,"column":18},"end":{"line":203,"column":19}},"loc":{"start":{"line":203,"column":28},"end":{"line":203,"column":38}}}},"branchMap":{"0":{"loc":{"start":{"line":44,"column":2},"end":{"line":44,"column":85}},"type":"if","locations":[{"start":{"line":44,"column":2},"end":{"line":44,"column":85}}]}},"s":{"0":1,"1":12,"2":78,"3":12,"4":0,"5":12,"6":1,"7":1,"8":4},"f":{"0":12,"1":78,"2":4},"b":{"0":[0]}}
}
