TN:
SF:src/calculators.ts
FN:19,getTotalActif
FN:20,(anonymous_1)
FN:26,getTotalImmobilisations
FN:28,(anonymous_3)
FN:29,(anonymous_4)
FN:32,getTotalStocks
FN:34,(anonymous_6)
FN:35,(anonymous_7)
FN:38,getTresorerie
FN:39,(anonymous_9)
FN:43,getTotalPassif
FN:44,(anonymous_11)
FN:53,getTotalCharges
FN:65,getTotalProduits
FN:74,getResultatNet
FN:87,verifierEquilibre
FN:94,(anonymous_16)
FN:107,calculerIndicateurs
FN:114,(anonymous_18)
FN:115,(anonymous_19)
FN:117,(anonymous_20)
FN:118,(anonymous_21)
FN:174,calculerSIGSimplifie
FN:189,calculerInterets
FN:196,scorerDemandePret
FN:229,(anonymous_25)
FN:230,(anonymous_26)
FN:247,(anonymous_27)
FN:249,(anonymous_28)
FN:251,(anonymous_29)
FN:258,verifierFailliteProgressive
FN:260,(anonymous_31)
FN:261,(anonymous_32)
FN:299,calculerSIG
FN:332,(anonymous_34)
FN:333,(anonymous_35)
FN:377,calculerScore
FN:399,verifierFaillite
FN:402,(anonymous_38)
FN:403,(anonymous_39)
FN:405,(anonymous_40)
FN:406,(anonymous_41)
FNF:42
FNH:26
FNDA:11,getTotalActif
FNDA:55,(anonymous_1)
FNDA:9,getTotalImmobilisations
FNDA:45,(anonymous_3)
FNDA:27,(anonymous_4)
FNDA:8,getTotalStocks
FNDA:40,(anonymous_6)
FNDA:8,(anonymous_7)
FNDA:16,getTresorerie
FNDA:80,(anonymous_9)
FNDA:0,getTotalPassif
FNDA:0,(anonymous_11)
FNDA:23,getTotalCharges
FNDA:23,getTotalProduits
FNDA:23,getResultatNet
FNDA:7,verifierEquilibre
FNDA:21,(anonymous_16)
FNDA:4,calculerIndicateurs
FNDA:12,(anonymous_18)
FNDA:4,(anonymous_19)
FNDA:12,(anonymous_20)
FNDA:4,(anonymous_21)
FNDA:0,calculerSIGSimplifie
FNDA:0,calculerInterets
FNDA:0,scorerDemandePret
FNDA:0,(anonymous_25)
FNDA:0,(anonymous_26)
FNDA:0,(anonymous_27)
FNDA:0,(anonymous_28)
FNDA:0,(anonymous_29)
FNDA:0,verifierFailliteProgressive
FNDA:0,(anonymous_31)
FNDA:0,(anonymous_32)
FNDA:0,calculerSIG
FNDA:0,(anonymous_34)
FNDA:0,(anonymous_35)
FNDA:3,calculerScore
FNDA:3,verifierFaillite
FNDA:9,(anonymous_38)
FNDA:3,(anonymous_39)
FNDA:9,(anonymous_40)
FNDA:3,(anonymous_41)
DA:6,1
DA:19,1
DA:20,55
DA:21,11
DA:22,11
DA:26,1
DA:27,9
DA:28,45
DA:29,27
DA:32,1
DA:33,8
DA:34,40
DA:35,8
DA:38,1
DA:39,80
DA:40,16
DA:43,1
DA:44,0
DA:45,0
DA:46,0
DA:47,0
DA:48,0
DA:53,1
DA:54,23
DA:65,1
DA:66,23
DA:74,1
DA:75,23
DA:87,1
DA:93,7
DA:94,21
DA:96,7
DA:97,7
DA:107,1
DA:108,4
DA:109,4
DA:110,4
DA:111,4
DA:112,4
DA:113,4
DA:114,12
DA:115,4
DA:116,4
DA:117,12
DA:118,4
DA:119,4
DA:120,4
DA:122,4
DA:123,4
DA:126,4
DA:127,4
DA:130,4
DA:133,4
DA:136,4
DA:139,4
DA:140,4
DA:141,4
DA:145,4
DA:149,4
DA:151,4
DA:174,1
DA:175,0
DA:176,0
DA:177,0
DA:178,0
DA:179,0
DA:180,0
DA:181,0
DA:182,0
DA:183,0
DA:184,0
DA:185,0
DA:189,1
DA:190,0
DA:191,0
DA:196,1
DA:201,0
DA:202,0
DA:203,0
DA:207,0
DA:208,0
DA:209,0
DA:212,0
DA:213,0
DA:214,0
DA:215,0
DA:216,0
DA:218,0
DA:219,0
DA:220,0
DA:222,0
DA:223,0
DA:224,0
DA:225,0
DA:226,0
DA:228,0
DA:229,0
DA:230,0
DA:231,0
DA:232,0
DA:233,0
DA:234,0
DA:235,0
DA:237,0
DA:238,0
DA:239,0
DA:240,0
DA:242,0
DA:243,0
DA:246,0
DA:247,0
DA:248,0
DA:249,0
DA:251,0
DA:254,0
DA:258,1
DA:259,0
DA:260,0
DA:261,0
DA:262,0
DA:263,0
DA:264,0
DA:265,0
DA:267,0
DA:299,1
DA:300,0
DA:301,0
DA:302,0
DA:303,0
DA:306,0
DA:309,0
DA:310,0
DA:311,0
DA:314,0
DA:315,0
DA:318,0
DA:319,0
DA:320,0
DA:323,0
DA:324,0
DA:325,0
DA:328,0
DA:331,0
DA:332,0
DA:333,0
DA:334,0
DA:336,0
DA:337,0
DA:340,0
DA:341,0
DA:342,0
DA:343,0
DA:346,0
DA:348,0
DA:377,1
DA:378,3
DA:379,3
DA:380,3
DA:381,3
DA:382,3
DA:384,3
DA:399,1
DA:400,3
DA:401,3
DA:402,9
DA:403,3
DA:404,3
DA:405,9
DA:406,3
DA:407,3
DA:408,3
DA:409,3
DA:411,3
DA:412,0
DA:414,3
DA:415,1
DA:417,2
DA:418,0
DA:424,2
LF:179
LH:83
BRDA:40,0,0,16
BRDA:40,0,1,0
BRDA:46,1,0,0
BRDA:46,1,1,0
BRDA:95,2,0,7
BRDA:95,2,1,0
BRDA:119,3,0,4
BRDA:119,3,1,0
BRDA:145,4,0,4
BRDA:145,4,1,0
BRDA:189,5,0,0
BRDA:190,6,0,0
BRDA:190,6,1,0
BRDA:199,7,0,0
BRDA:207,8,0,0
BRDA:213,9,0,0
BRDA:213,9,1,0
BRDA:214,10,0,0
BRDA:214,10,1,0
BRDA:215,11,0,0
BRDA:215,11,1,0
BRDA:218,12,0,0
BRDA:218,12,1,0
BRDA:219,13,0,0
BRDA:219,13,1,0
BRDA:223,14,0,0
BRDA:223,14,1,0
BRDA:224,15,0,0
BRDA:224,15,1,0
BRDA:225,16,0,0
BRDA:225,16,1,0
BRDA:231,17,0,0
BRDA:231,17,1,0
BRDA:232,18,0,0
BRDA:232,18,1,0
BRDA:233,19,0,0
BRDA:233,19,1,0
BRDA:234,20,0,0
BRDA:234,20,1,0
BRDA:237,21,0,0
BRDA:237,21,1,0
BRDA:238,22,0,0
BRDA:238,22,1,0
BRDA:239,23,0,0
BRDA:239,23,1,0
BRDA:243,24,0,0
BRDA:243,24,1,0
BRDA:246,25,0,0
BRDA:246,25,1,0
BRDA:248,26,0,0
BRDA:248,26,1,0
BRDA:254,27,0,0
BRDA:254,27,1,0
BRDA:264,28,0,0
BRDA:340,29,0,0
BRDA:340,29,1,0
BRDA:341,30,0,0
BRDA:341,30,1,0
BRDA:342,31,0,0
BRDA:342,31,1,0
BRDA:343,32,0,0
BRDA:343,32,1,0
BRDA:346,33,0,0
BRDA:346,33,1,0
BRDA:409,34,0,3
BRDA:409,34,1,0
BRDA:411,35,0,0
BRDA:414,36,0,1
BRDA:417,37,0,0
BRDA:417,38,0,2
BRDA:417,38,1,2
BRF:71
BRH:8
end_of_record
TN:
SF:src/engine.ts
FN:59,melangerTableau
FN:68,creerBilanVierge
FN:81,creerCompteResultatVierge
FN:102,makePush
FN:106,(anonymous_4)
FN:119,appliquerDeltaPoste
FN:156,(anonymous_6)
FN:159,(anonymous_7)
FN:167,(anonymous_8)
FN:175,(anonymous_9)
FN:188,creerJoueur
FN:193,(anonymous_11)
FN:199,(anonymous_12)
FN:210,(anonymous_13)
FN:230,(anonymous_14)
FN:231,(anonymous_15)
FN:237,(anonymous_16)
FN:238,(anonymous_17)
FN:245,(anonymous_18)
FN:246,(anonymous_19)
FN:260,(anonymous_21)
FN:273,(anonymous_22)
FN:285,appliquerEtape0
FN:312,(anonymous_24)
FN:375,(anonymous_25)
FN:399,(anonymous_26)
FN:402,(anonymous_27)
FN:405,(anonymous_28)
FN:409,(anonymous_29)
FN:458,appliquerAchatMarchandises
FN:488,appliquerAvancementCreances
FN:497,(anonymous_32)
FN:537,calculerCoutCommerciaux
FN:539,(anonymous_34)
FN:540,(anonymous_35)
FN:542,(anonymous_36)
FN:543,(anonymous_37)
FN:548,appliquerPaiementCommerciaux
FN:575,appliquerCarteClient
FN:630,appliquerEffetsRecurrents
FN:671,appliquerSpecialiteEntreprise
FN:679,(anonymous_42)
FN:709,genererClientsSpecialite
FN:711,(anonymous_44)
FN:725,obtenirCarteRecrutement
FN:726,(anonymous_46)
FN:736,tirerCartesDecision
FN:740,(anonymous_48)
FN:746,acheterCarteDecision
FN:756,(anonymous_50)
FN:790,(anonymous_51)
FN:796,(anonymous_52)
FN:816,(anonymous_53)
FN:821,(anonymous_54)
FN:833,investirCartePersonnelle
FN:839,(anonymous_56)
FN:852,(anonymous_57)
FN:853,(anonymous_58)
FN:881,(anonymous_59)
FN:889,appliquerCarteEvenement
FN:898,(anonymous_61)
FN:899,(anonymous_62)
FN:939,verifierFinTour
FN:982,cloturerAnnee
FN:988,(anonymous_65)
FN:989,(anonymous_66)
FN:991,(anonymous_67)
FN:1000,(anonymous_68)
FN:1015,avancerEtape
FN:1042,demanderEmprunt
FN:1073,calculerCapaciteLogistique
FN:1093,genererClientsParCommerciaux
FN:1098,(anonymous_73)
FNF:73
FNH:42
FNDA:32,melangerTableau
FNDA:35,creerBilanVierge
FNDA:35,creerCompteResultatVierge
FNDA:9,makePush
FNDA:41,(anonymous_4)
FNDA:49,appliquerDeltaPoste
FNDA:12,(anonymous_6)
FNDA:0,(anonymous_7)
FNDA:111,(anonymous_8)
FNDA:6,(anonymous_9)
FNDA:35,creerJoueur
FNDA:47,(anonymous_11)
FNDA:175,(anonymous_12)
FNDA:105,(anonymous_13)
FNDA:175,(anonymous_14)
FNDA:105,(anonymous_15)
FNDA:35,(anonymous_16)
FNDA:35,(anonymous_17)
FNDA:35,(anonymous_18)
FNDA:35,(anonymous_19)
FNDA:17,(anonymous_21)
FNDA:608,(anonymous_22)
FNDA:3,appliquerEtape0
FNDA:6,(anonymous_24)
FNDA:6,(anonymous_25)
FNDA:15,(anonymous_26)
FNDA:6,(anonymous_27)
FNDA:6,(anonymous_28)
FNDA:6,(anonymous_29)
FNDA:0,appliquerAchatMarchandises
FNDA:2,appliquerAvancementCreances
FNDA:2,(anonymous_32)
FNDA:1,calculerCoutCommerciaux
FNDA:1,(anonymous_34)
FNDA:1,(anonymous_35)
FNDA:0,(anonymous_36)
FNDA:0,(anonymous_37)
FNDA:0,appliquerPaiementCommerciaux
FNDA:4,appliquerCarteClient
FNDA:0,appliquerEffetsRecurrents
FNDA:0,appliquerSpecialiteEntreprise
FNDA:0,(anonymous_42)
FNDA:0,genererClientsSpecialite
FNDA:0,(anonymous_44)
FNDA:0,obtenirCarteRecrutement
FNDA:0,(anonymous_46)
FNDA:0,tirerCartesDecision
FNDA:0,(anonymous_48)
FNDA:0,acheterCarteDecision
FNDA:0,(anonymous_50)
FNDA:0,(anonymous_51)
FNDA:0,(anonymous_52)
FNDA:0,(anonymous_53)
FNDA:0,(anonymous_54)
FNDA:6,investirCartePersonnelle
FNDA:9,(anonymous_56)
FNDA:3,(anonymous_57)
FNDA:1,(anonymous_58)
FNDA:11,(anonymous_59)
FNDA:0,appliquerCarteEvenement
FNDA:0,(anonymous_61)
FNDA:0,(anonymous_62)
FNDA:0,verifierFinTour
FNDA:0,cloturerAnnee
FNDA:0,(anonymous_65)
FNDA:0,(anonymous_66)
FNDA:0,(anonymous_67)
FNDA:0,(anonymous_68)
FNDA:0,avancerEtape
FNDA:0,demanderEmprunt
FNDA:4,calculerCapaciteLogistique
FNDA:1,genererClientsParCommerciaux
FNDA:1,(anonymous_73)
DA:7,1
DA:31,1
DA:32,1
DA:33,1
DA:44,1
DA:48,1
DA:60,32
DA:61,32
DA:62,736
DA:63,736
DA:65,32
DA:69,35
DA:82,35
DA:106,9
DA:107,41
DA:108,41
DA:124,49
DA:125,49
DA:126,49
DA:127,49
DA:128,49
DA:131,49
DA:132,13
DA:133,13
DA:134,13
DA:138,36
DA:139,4
DA:140,4
DA:141,4
DA:145,32
DA:146,5
DA:147,5
DA:148,5
DA:154,27
DA:155,4
DA:156,12
DA:159,4
DA:160,4
DA:161,4
DA:162,4
DA:163,4
DA:167,111
DA:168,23
DA:169,20
DA:170,20
DA:171,20
DA:175,6
DA:176,3
DA:177,3
DA:178,3
DA:179,3
DA:183,0
DA:188,1
DA:193,47
DA:194,35
DA:196,35
DA:199,175
DA:210,105
DA:220,35
DA:230,175
DA:231,105
DA:238,35
DA:239,35
DA:240,35
DA:246,35
DA:247,35
DA:256,1
DA:260,16
DA:261,17
DA:264,16
DA:273,608
DA:285,1
DA:289,3
DA:290,3
DA:291,3
DA:296,3
DA:297,0
DA:298,0
DA:303,0
DA:312,6
DA:313,3
DA:314,3
DA:315,3
DA:320,3
DA:328,3
DA:329,0
DA:330,0
DA:331,0
DA:332,0
DA:333,0
DA:338,0
DA:345,0
DA:356,3
DA:357,0
DA:358,0
DA:362,3
DA:363,0
DA:364,0
DA:365,0
DA:369,3
DA:370,0
DA:371,0
DA:375,6
DA:376,3
DA:377,3
DA:378,3
DA:382,3
DA:387,3
DA:398,3
DA:399,15
DA:401,3
DA:402,6
DA:405,3
DA:406,6
DA:409,6
DA:410,3
DA:413,3
DA:422,3
DA:430,3
DA:431,3
DA:432,0
DA:433,0
DA:434,0
DA:442,3
DA:443,0
DA:444,0
DA:453,3
DA:458,1
DA:464,0
DA:465,0
DA:467,0
DA:468,0
DA:471,0
DA:474,0
DA:477,0
DA:478,0
DA:480,0
DA:483,0
DA:488,1
DA:492,2
DA:493,2
DA:494,2
DA:497,2
DA:499,2
DA:500,0
DA:501,0
DA:502,0
DA:504,0
DA:505,0
DA:506,0
DA:510,2
DA:511,1
DA:512,1
DA:515,2
DA:516,1
DA:517,1
DA:522,2
DA:523,1
DA:532,2
DA:537,1
DA:538,1
DA:539,1
DA:541,1
DA:542,0
DA:543,0
DA:544,1
DA:548,1
DA:552,0
DA:553,0
DA:554,0
DA:556,0
DA:557,0
DA:559,0
DA:560,0
DA:562,0
DA:575,1
DA:580,4
DA:581,4
DA:582,4
DA:584,4
DA:585,4
DA:586,0
DA:594,4
DA:597,4
DA:600,4
DA:603,4
DA:607,4
DA:611,4
DA:612,2
DA:615,2
DA:616,2
DA:617,1
DA:620,1
DA:622,1
DA:625,4
DA:630,1
DA:634,0
DA:635,0
DA:637,0
DA:638,0
DA:640,0
DA:641,0
DA:646,0
DA:656,0
DA:671,1
DA:675,0
DA:676,0
DA:679,0
DA:680,0
DA:681,0
DA:682,0
DA:687,0
DA:700,0
DA:709,1
DA:710,0
DA:711,0
DA:712,0
DA:714,0
DA:725,1
DA:726,0
DA:736,1
DA:738,0
DA:739,0
DA:740,0
DA:743,0
DA:746,1
DA:751,0
DA:752,0
DA:756,0
DA:757,0
DA:765,0
DA:766,0
DA:770,0
DA:771,0
DA:776,0
DA:786,0
DA:789,0
DA:790,0
DA:791,0
DA:795,0
DA:796,0
DA:797,0
DA:798,0
DA:801,0
DA:806,0
DA:809,0
DA:816,0
DA:820,0
DA:821,0
DA:824,0
DA:833,1
DA:838,6
DA:839,9
DA:841,6
DA:842,1
DA:849,5
DA:852,5
DA:853,1
DA:854,1
DA:855,1
DA:862,4
DA:865,4
DA:866,8
DA:871,8
DA:881,11
DA:882,4
DA:884,4
DA:889,1
DA:894,0
DA:895,0
DA:898,0
DA:899,0
DA:901,0
DA:902,0
DA:909,0
DA:910,0
DA:913,0
DA:914,0
DA:917,0
DA:924,0
DA:925,0
DA:939,1
DA:943,0
DA:944,0
DA:945,0
DA:946,0
DA:953,0
DA:954,0
DA:955,0
DA:956,0
DA:959,0
DA:960,0
DA:963,0
DA:982,1
DA:983,0
DA:984,0
DA:988,0
DA:989,0
DA:991,0
DA:992,0
DA:995,0
DA:999,0
DA:1000,0
DA:1004,0
DA:1005,0
DA:1008,0
DA:1009,0
DA:1010,0
DA:1015,1
DA:1016,0
DA:1017,0
DA:1018,0
DA:1021,0
DA:1022,0
DA:1024,0
DA:1025,0
DA:1027,0
DA:1042,1
DA:1047,0
DA:1048,0
DA:1049,0
DA:1051,0
DA:1052,0
DA:1055,0
DA:1057,0
DA:1058,0
DA:1059,0
DA:1061,0
DA:1073,1
DA:1074,4
DA:1075,4
DA:1077,4
DA:1079,8
DA:1080,8
DA:1081,0
DA:1083,8
DA:1084,8
DA:1088,4
DA:1093,1
DA:1094,1
DA:1095,1
DA:1096,1
DA:1097,1
DA:1098,1
DA:1100,1
DA:1101,1
DA:1104,1
LF:347
LH:191
BRDA:131,0,0,13
BRDA:138,1,0,4
BRDA:145,2,0,5
BRDA:145,3,0,32
BRDA:145,3,1,5
BRDA:154,4,0,4
BRDA:155,5,0,4
BRDA:155,5,1,0
BRDA:159,6,0,0
BRDA:160,7,0,4
BRDA:168,8,0,20
BRDA:170,9,0,16
BRDA:170,9,1,4
BRDA:176,10,0,3
BRDA:194,11,0,0
BRDA:202,12,0,35
BRDA:202,12,1,140
BRDA:204,13,0,35
BRDA:204,13,1,105
BRDA:213,14,0,35
BRDA:213,14,1,70
BRDA:213,15,0,105
BRDA:213,15,1,70
BRDA:215,16,0,35
BRDA:215,16,1,35
BRDA:239,17,0,35
BRDA:239,17,1,0
BRDA:240,18,0,35
BRDA:240,18,1,0
BRDA:247,19,0,35
BRDA:247,19,1,0
BRDA:252,20,0,35
BRDA:252,20,1,0
BRDA:258,21,0,16
BRDA:296,22,0,0
BRDA:313,23,0,3
BRDA:313,24,0,3
BRDA:313,24,1,3
BRDA:313,24,2,3
BRDA:328,25,0,0
BRDA:332,26,0,0
BRDA:332,26,1,0
BRDA:356,27,0,0
BRDA:362,28,0,0
BRDA:369,29,0,0
BRDA:376,30,0,3
BRDA:376,31,0,3
BRDA:376,31,1,3
BRDA:399,32,0,15
BRDA:399,32,1,9
BRDA:401,33,0,3
BRDA:431,34,0,0
BRDA:442,35,0,0
BRDA:467,36,0,0
BRDA:477,37,0,0
BRDA:477,37,1,0
BRDA:499,38,0,0
BRDA:499,38,1,2
BRDA:500,39,0,0
BRDA:504,40,0,0
BRDA:510,41,0,1
BRDA:515,42,0,1
BRDA:522,43,0,1
BRDA:522,44,0,2
BRDA:522,44,1,1
BRDA:556,45,0,0
BRDA:585,46,0,0
BRDA:607,47,0,0
BRDA:607,47,1,4
BRDA:611,48,0,2
BRDA:611,48,1,2
BRDA:612,49,0,0
BRDA:612,49,1,2
BRDA:612,50,0,2
BRDA:612,50,1,0
BRDA:616,51,0,1
BRDA:616,51,1,1
BRDA:617,52,0,0
BRDA:617,52,1,1
BRDA:617,53,0,1
BRDA:617,53,1,0
BRDA:638,54,0,0
BRDA:680,55,0,0
BRDA:710,56,0,0
BRDA:712,57,0,0
BRDA:712,57,1,0
BRDA:736,58,0,0
BRDA:738,59,0,0
BRDA:756,60,0,0
BRDA:756,61,0,0
BRDA:756,61,1,0
BRDA:765,62,0,0
BRDA:789,63,0,0
BRDA:791,64,0,0
BRDA:795,65,0,0
BRDA:797,66,0,0
BRDA:797,67,0,0
BRDA:797,67,1,0
BRDA:820,68,0,0
BRDA:841,69,0,1
BRDA:852,70,0,1
BRDA:852,71,0,5
BRDA:852,71,1,2
BRDA:854,72,0,1
BRDA:854,72,1,0
BRDA:901,73,0,0
BRDA:901,74,0,0
BRDA:901,74,1,0
BRDA:901,74,2,0
BRDA:920,75,0,0
BRDA:920,75,1,0
BRDA:953,76,0,0
BRDA:959,77,0,0
BRDA:969,78,0,0
BRDA:969,78,1,0
BRDA:984,79,0,0
BRDA:992,80,0,0
BRDA:1000,81,0,0
BRDA:1000,81,1,0
BRDA:1017,82,0,0
BRDA:1017,82,1,0
BRDA:1022,83,0,0
BRDA:1051,84,0,0
BRDA:1057,85,0,0
BRDA:1057,85,1,0
BRDA:1080,86,0,0
BRDA:1080,86,1,8
BRDA:1080,87,0,8
BRDA:1080,87,1,0
BRDA:1083,88,0,8
BRDA:1083,88,1,4
BRDA:1096,89,0,0
BRDA:1100,90,0,1
BRF:133
BRH:62
end_of_record
TN:
SF:src/types.ts
FNF:0
FNH:0
DA:310,1
DA:311,1
DA:313,1
DA:315,1
DA:317,1
DA:319,1
DA:320,1
DA:322,1
DA:323,1
DA:324,1
DA:329,1
DA:332,1
DA:399,1
DA:415,1
DA:417,1
DA:419,1
LF:16
LH:16
BRF:0
BRH:0
end_of_record
TN:
SF:src/data/cartes.ts
FNF:0
FNH:0
DA:10,1
DA:43,1
DA:72,1
DA:694,1
DA:864,1
LF:5
LH:5
BRF:0
BRH:0
end_of_record
TN:
SF:src/data/entreprises.ts
FN:42,carte
FN:43,(anonymous_1)
FN:203,(anonymous_2)
FNF:3
FNH:3
FNDA:12,carte
FNDA:78,(anonymous_1)
FNDA:4,(anonymous_2)
DA:40,1
DA:43,78
DA:44,12
DA:45,12
DA:48,1
DA:202,1
DA:203,4
LF:7
LH:7
BRDA:44,0,0,0
BRF:1
BRH:0
end_of_record
